[INFO] Scanning for projects...
[INFO] ------------------------------------------------------------------------
[INFO] Reactor Build Order:
[INFO] 
[INFO] Logback-Parent
[INFO] Logback Core Module
[INFO] Logback Classic Module
[INFO] Logback Access Module
[INFO] Logback Site
[INFO] Logback Examples Module
[INFO]                                                                         
[INFO] ------------------------------------------------------------------------
[INFO] Building Logback-Parent 1.3.0-SNAPSHPOT
[INFO] ------------------------------------------------------------------------
[INFO] 
[INFO] >>> maven-source-plugin:3.0.1:jar (attach-sources) > generate-sources @ logback-parent >>>
[INFO] 
[INFO] <<< maven-source-plugin:3.0.1:jar (attach-sources) < generate-sources @ logback-parent <<<
[INFO] 
[INFO] --- maven-source-plugin:3.0.1:jar (attach-sources) @ logback-parent ---
[INFO] Downloading: https://repo.maven.apache.org/maven2/org/codehaus/plexus/plexus-component-annotations/1.6/plexus-component-annotations-1.6.pom
[INFO] Downloaded: https://repo.maven.apache.org/maven2/org/codehaus/plexus/plexus-component-annotations/1.6/plexus-component-annotations-1.6.pom (748 B at 1.8 KB/sec)
[INFO] Downloading: https://repo.maven.apache.org/maven2/org/codehaus/plexus/plexus-containers/1.6/plexus-containers-1.6.pom
[INFO] Downloaded: https://repo.maven.apache.org/maven2/org/codehaus/plexus/plexus-containers/1.6/plexus-containers-1.6.pom (4 KB at 175.1 KB/sec)
[INFO] Downloading: https://repo.maven.apache.org/maven2/org/codehaus/plexus/plexus/3.3.2/plexus-3.3.2.pom
[INFO] Downloaded: https://repo.maven.apache.org/maven2/org/codehaus/plexus/plexus/3.3.2/plexus-3.3.2.pom (22 KB at 808.6 KB/sec)
[INFO] Downloading: https://repo.maven.apache.org/maven2/org/apache/maven/maven-core/3.0/maven-core-3.0.pom
[INFO] Downloaded: https://repo.maven.apache.org/maven2/org/apache/maven/maven-core/3.0/maven-core-3.0.pom (7 KB at 281.5 KB/sec)
[INFO] Downloading: https://repo.maven.apache.org/maven2/org/apache/maven/maven-settings/3.0/maven-settings-3.0.pom
[INFO] Downloaded: https://repo.maven.apache.org/maven2/org/apache/maven/maven-settings/3.0/maven-settings-3.0.pom (2 KB at 102.1 KB/sec)
[INFO] Downloading: https://repo.maven.apache.org/maven2/org/apache/maven/maven-settings-builder/3.0/maven-settings-builder-3.0.pom
[INFO] Downloaded: https://repo.maven.apache.org/maven2/org/apache/maven/maven-settings-builder/3.0/maven-settings-builder-3.0.pom (3 KB at 94.3 KB/sec)
[INFO] Downloading: https://repo.maven.apache.org/maven2/org/codehaus/plexus/plexus-interpolation/1.14/plexus-interpolation-1.14.pom
[INFO] Downloaded: https://repo.maven.apache.org/maven2/org/codehaus/plexus/plexus-interpolation/1.14/plexus-interpolation-1.14.pom (910 B at 31.7 KB/sec)
[INFO] Downloading: https://repo.maven.apache.org/maven2/org/codehaus/plexus/plexus-components/1.1.18/plexus-components-1.1.18.pom
[INFO] Downloaded: https://repo.maven.apache.org/maven2/org/codehaus/plexus/plexus-components/1.1.18/plexus-components-1.1.18.pom (6 KB at 217.9 KB/sec)
[INFO] Downloading: https://repo.maven.apache.org/maven2/org/apache/maven/maven-repository-metadata/3.0/maven-repository-metadata-3.0.pom
[INFO] Downloaded: https://repo.maven.apache.org/maven2/org/apache/maven/maven-repository-metadata/3.0/maven-repository-metadata-3.0.pom (2 KB at 99.1 KB/sec)
[INFO] Downloading: https://repo.maven.apache.org/maven2/org/apache/maven/maven-model-builder/3.0/maven-model-builder-3.0.pom
[INFO] Downloaded: https://repo.maven.apache.org/maven2/org/apache/maven/maven-model-builder/3.0/maven-model-builder-3.0.pom (3 KB at 99.7 KB/sec)
[INFO] Downloading: https://repo.maven.apache.org/maven2/org/apache/maven/maven-aether-provider/3.0/maven-aether-provider-3.0.pom
[INFO] Downloaded: https://repo.maven.apache.org/maven2/org/apache/maven/maven-aether-provider/3.0/maven-aether-provider-3.0.pom (3 KB at 134.0 KB/sec)
[INFO] Downloading: https://repo.maven.apache.org/maven2/org/sonatype/aether/aether-api/1.7/aether-api-1.7.pom
[INFO] Downloaded: https://repo.maven.apache.org/maven2/org/sonatype/aether/aether-api/1.7/aether-api-1.7.pom (2 KB at 81.7 KB/sec)
[INFO] Downloading: https://repo.maven.apache.org/maven2/org/sonatype/aether/aether-parent/1.7/aether-parent-1.7.pom
[INFO] Downloaded: https://repo.maven.apache.org/maven2/org/sonatype/aether/aether-parent/1.7/aether-parent-1.7.pom (8 KB at 279.4 KB/sec)
[INFO] Downloading: https://repo.maven.apache.org/maven2/org/sonatype/aether/aether-util/1.7/aether-util-1.7.pom
[INFO] Downloaded: https://repo.maven.apache.org/maven2/org/sonatype/aether/aether-util/1.7/aether-util-1.7.pom (3 KB at 69.4 KB/sec)
[INFO] Downloading: https://repo.maven.apache.org/maven2/org/sonatype/aether/aether-impl/1.7/aether-impl-1.7.pom
[INFO] Downloaded: https://repo.maven.apache.org/maven2/org/sonatype/aether/aether-impl/1.7/aether-impl-1.7.pom (4 KB at 124.4 KB/sec)
[INFO] Downloading: https://repo.maven.apache.org/maven2/org/sonatype/aether/aether-spi/1.7/aether-spi-1.7.pom
[INFO] Downloaded: https://repo.maven.apache.org/maven2/org/sonatype/aether/aether-spi/1.7/aether-spi-1.7.pom (2 KB at 85.0 KB/sec)
[INFO] Downloading: https://repo.maven.apache.org/maven2/org/apache/maven/maven-archiver/3.1.1/maven-archiver-3.1.1.pom
[INFO] Downloaded: https://repo.maven.apache.org/maven2/org/apache/maven/maven-archiver/3.1.1/maven-archiver-3.1.1.pom (5 KB at 212.3 KB/sec)
[INFO] Downloading: https://repo.maven.apache.org/maven2/org/apache/maven/shared/maven-shared-components/30/maven-shared-components-30.pom
[INFO] Downloaded: https://repo.maven.apache.org/maven2/org/apache/maven/shared/maven-shared-components/30/maven-shared-components-30.pom (5 KB at 194.6 KB/sec)
[INFO] Downloading: https://repo.maven.apache.org/maven2/org/apache/maven/shared/maven-shared-utils/3.0.1/maven-shared-utils-3.0.1.pom
[INFO] Downloaded: https://repo.maven.apache.org/maven2/org/apache/maven/shared/maven-shared-utils/3.0.1/maven-shared-utils-3.0.1.pom (5 KB at 235.6 KB/sec)
[INFO] Downloading: https://repo.maven.apache.org/maven2/commons-io/commons-io/2.4/commons-io-2.4.pom
[INFO] Downloaded: https://repo.maven.apache.org/maven2/commons-io/commons-io/2.4/commons-io-2.4.pom (10 KB at 472.7 KB/sec)
[INFO] Downloading: https://repo.maven.apache.org/maven2/org/apache/commons/commons-parent/25/commons-parent-25.pom
[INFO] Downloaded: https://repo.maven.apache.org/maven2/org/apache/commons/commons-parent/25/commons-parent-25.pom (48 KB at 1965.5 KB/sec)
[INFO] Downloading: https://repo.maven.apache.org/maven2/commons-io/commons-io/2.5/commons-io-2.5.pom
[INFO] Downloaded: https://repo.maven.apache.org/maven2/commons-io/commons-io/2.5/commons-io-2.5.pom (13 KB at 564.3 KB/sec)
[INFO] Downloading: https://repo.maven.apache.org/maven2/org/apache/commons/commons-parent/39/commons-parent-39.pom
[INFO] Downloaded: https://repo.maven.apache.org/maven2/org/apache/commons/commons-parent/39/commons-parent-39.pom (61 KB at 2420.9 KB/sec)
[INFO] Downloading: https://repo.maven.apache.org/maven2/org/codehaus/plexus/plexus-archiver/3.3/plexus-archiver-3.3.pom
[INFO] Downloaded: https://repo.maven.apache.org/maven2/org/codehaus/plexus/plexus-archiver/3.3/plexus-archiver-3.3.pom (6 KB at 289.0 KB/sec)
[INFO] Downloading: https://repo.maven.apache.org/maven2/org/codehaus/plexus/plexus-utils/3.0.24/plexus-utils-3.0.24.pom
[INFO] Downloaded: https://repo.maven.apache.org/maven2/org/codehaus/plexus/plexus-utils/3.0.24/plexus-utils-3.0.24.pom (5 KB at 201.5 KB/sec)
[INFO] Downloading: https://repo.maven.apache.org/maven2/org/codehaus/plexus/plexus/4.0/plexus-4.0.pom
[INFO] Downloaded: https://repo.maven.apache.org/maven2/org/codehaus/plexus/plexus/4.0/plexus-4.0.pom (21 KB at 1105.1 KB/sec)
[INFO] Downloading: https://repo.maven.apache.org/maven2/org/codehaus/plexus/plexus-io/2.7.1/plexus-io-2.7.1.pom
[INFO] Downloaded: https://repo.maven.apache.org/maven2/org/codehaus/plexus/plexus-io/2.7.1/plexus-io-2.7.1.pom (5 KB at 266.8 KB/sec)
[INFO] Downloading: https://repo.maven.apache.org/maven2/org/codehaus/plexus/plexus-utils/3.0.22/plexus-utils-3.0.22.pom
[INFO] Downloaded: https://repo.maven.apache.org/maven2/org/codehaus/plexus/plexus-utils/3.0.22/plexus-utils-3.0.22.pom (4 KB at 196.9 KB/sec)
[INFO] Downloading: https://repo.maven.apache.org/maven2/org/apache/commons/commons-compress/1.11/commons-compress-1.11.pom
[INFO] Downloaded: https://repo.maven.apache.org/maven2/org/apache/commons/commons-compress/1.11/commons-compress-1.11.pom (13 KB at 584.0 KB/sec)
[INFO] Downloading: https://repo.maven.apache.org/maven2/org/iq80/snappy/snappy/0.4/snappy-0.4.pom
[INFO] Downloaded: https://repo.maven.apache.org/maven2/org/iq80/snappy/snappy/0.4/snappy-0.4.pom (15 KB at 747.2 KB/sec)
[INFO] Downloading: https://repo.maven.apache.org/maven2/org/tukaani/xz/1.5/xz-1.5.pom
[INFO] Downloaded: https://repo.maven.apache.org/maven2/org/tukaani/xz/1.5/xz-1.5.pom (2 KB at 97.9 KB/sec)
[INFO] Downloading: https://repo.maven.apache.org/maven2/org/codehaus/plexus/plexus-interpolation/1.22/plexus-interpolation-1.22.pom
[INFO] Downloaded: https://repo.maven.apache.org/maven2/org/codehaus/plexus/plexus-interpolation/1.22/plexus-interpolation-1.22.pom (2 KB at 79.1 KB/sec)
[INFO] Downloading: https://repo.maven.apache.org/maven2/org/codehaus/plexus/plexus-components/1.3.1/plexus-components-1.3.1.pom
[INFO] Downloaded: https://repo.maven.apache.org/maven2/org/codehaus/plexus/plexus-components/1.3.1/plexus-components-1.3.1.pom (3 KB at 166.2 KB/sec)
[INFO] Downloading: https://repo.maven.apache.org/maven2/org/codehaus/plexus/plexus-archiver/3.4/plexus-archiver-3.4.pom
[INFO] Downloaded: https://repo.maven.apache.org/maven2/org/codehaus/plexus/plexus-archiver/3.4/plexus-archiver-3.4.pom (6 KB at 236.5 KB/sec)
[INFO] Downloading: https://repo.maven.apache.org/maven2/org/apache/maven/maven-core/3.0/maven-core-3.0.jar
[INFO] Downloading: https://repo.maven.apache.org/maven2/org/apache/maven/maven-settings/3.0/maven-settings-3.0.jar
[INFO] Downloading: https://repo.maven.apache.org/maven2/org/apache/maven/maven-settings-builder/3.0/maven-settings-builder-3.0.jar
[INFO] Downloading: https://repo.maven.apache.org/maven2/org/apache/maven/maven-repository-metadata/3.0/maven-repository-metadata-3.0.jar
[INFO] Downloading: https://repo.maven.apache.org/maven2/org/apache/maven/maven-model-builder/3.0/maven-model-builder-3.0.jar
[INFO] Downloaded: https://repo.maven.apache.org/maven2/org/apache/maven/maven-settings-builder/3.0/maven-settings-builder-3.0.jar (37 KB at 625.3 KB/sec)
[INFO] Downloading: https://repo.maven.apache.org/maven2/org/apache/maven/maven-aether-provider/3.0/maven-aether-provider-3.0.jar
[INFO] Downloaded: https://repo.maven.apache.org/maven2/org/apache/maven/maven-core/3.0/maven-core-3.0.jar (515 KB at 6276.7 KB/sec)
[INFO] Downloading: https://repo.maven.apache.org/maven2/org/sonatype/aether/aether-impl/1.7/aether-impl-1.7.jar
[INFO] Downloaded: https://repo.maven.apache.org/maven2/org/apache/maven/maven-model-builder/3.0/maven-model-builder-3.0.jar (145 KB at 2368.9 KB/sec)
[INFO] Downloading: https://repo.maven.apache.org/maven2/org/sonatype/aether/aether-spi/1.7/aether-spi-1.7.jar
[INFO] Downloaded: https://repo.maven.apache.org/maven2/org/apache/maven/maven-repository-metadata/3.0/maven-repository-metadata-3.0.jar (30 KB at 452.0 KB/sec)
[INFO] Downloading: https://repo.maven.apache.org/maven2/org/sonatype/aether/aether-api/1.7/aether-api-1.7.jar
[INFO] Downloaded: https://repo.maven.apache.org/maven2/org/apache/maven/maven-settings/3.0/maven-settings-3.0.jar (46 KB at 549.1 KB/sec)
[INFO] Downloading: https://repo.maven.apache.org/maven2/org/sonatype/aether/aether-util/1.7/aether-util-1.7.jar
[INFO] Downloaded: https://repo.maven.apache.org/maven2/org/sonatype/aether/aether-spi/1.7/aether-spi-1.7.jar (14 KB at 169.6 KB/sec)
[INFO] Downloading: https://repo.maven.apache.org/maven2/org/codehaus/plexus/plexus-interpolation/1.14/plexus-interpolation-1.14.jar
[INFO] Downloaded: https://repo.maven.apache.org/maven2/org/apache/maven/maven-aether-provider/3.0/maven-aether-provider-3.0.jar (50 KB at 609.6 KB/sec)
[INFO] Downloading: https://repo.maven.apache.org/maven2/org/codehaus/plexus/plexus-component-annotations/1.6/plexus-component-annotations-1.6.jar
[INFO] Downloaded: https://repo.maven.apache.org/maven2/org/sonatype/aether/aether-api/1.7/aether-api-1.7.jar (73 KB at 770.6 KB/sec)
[INFO] Downloading: https://repo.maven.apache.org/maven2/org/apache/maven/maven-archiver/3.1.1/maven-archiver-3.1.1.jar
[INFO] Downloaded: https://repo.maven.apache.org/maven2/org/sonatype/aether/aether-impl/1.7/aether-impl-1.7.jar (104 KB at 1104.1 KB/sec)
[INFO] Downloading: https://repo.maven.apache.org/maven2/org/apache/maven/shared/maven-shared-utils/3.0.1/maven-shared-utils-3.0.1.jar
[INFO] Downloaded: https://repo.maven.apache.org/maven2/org/codehaus/plexus/plexus-component-annotations/1.6/plexus-component-annotations-1.6.jar (5 KB at 41.7 KB/sec)
[INFO] Downloading: https://repo.maven.apache.org/maven2/commons-io/commons-io/2.5/commons-io-2.5.jar
[INFO] Downloaded: https://repo.maven.apache.org/maven2/org/codehaus/plexus/plexus-interpolation/1.14/plexus-interpolation-1.14.jar (60 KB at 584.7 KB/sec)
[INFO] Downloading: https://repo.maven.apache.org/maven2/org/codehaus/plexus/plexus-archiver/3.4/plexus-archiver-3.4.jar
[INFO] Downloaded: https://repo.maven.apache.org/maven2/org/sonatype/aether/aether-util/1.7/aether-util-1.7.jar (106 KB at 967.1 KB/sec)
[INFO] Downloading: https://repo.maven.apache.org/maven2/org/codehaus/plexus/plexus-io/2.7.1/plexus-io-2.7.1.jar
[INFO] Downloaded: https://repo.maven.apache.org/maven2/org/apache/maven/maven-archiver/3.1.1/maven-archiver-3.1.1.jar (24 KB at 184.8 KB/sec)
[INFO] Downloading: https://repo.maven.apache.org/maven2/org/apache/commons/commons-compress/1.11/commons-compress-1.11.jar
[INFO] Downloaded: https://repo.maven.apache.org/maven2/org/apache/maven/shared/maven-shared-utils/3.0.1/maven-shared-utils-3.0.1.jar (151 KB at 1169.2 KB/sec)
[INFO] Downloading: https://repo.maven.apache.org/maven2/org/iq80/snappy/snappy/0.4/snappy-0.4.jar
[INFO] Downloaded: https://repo.maven.apache.org/maven2/org/codehaus/plexus/plexus-io/2.7.1/plexus-io-2.7.1.jar (84 KB at 602.9 KB/sec)
[INFO] Downloading: https://repo.maven.apache.org/maven2/org/tukaani/xz/1.5/xz-1.5.jar
[INFO] Downloaded: https://repo.maven.apache.org/maven2/org/codehaus/plexus/plexus-archiver/3.4/plexus-archiver-3.4.jar (183 KB at 1193.3 KB/sec)
[INFO] Downloading: https://repo.maven.apache.org/maven2/org/codehaus/plexus/plexus-utils/3.0.24/plexus-utils-3.0.24.jar
[INFO] Downloaded: https://repo.maven.apache.org/maven2/org/iq80/snappy/snappy/0.4/snappy-0.4.jar (57 KB at 360.5 KB/sec)
[INFO] Downloaded: https://repo.maven.apache.org/maven2/commons-io/commons-io/2.5/commons-io-2.5.jar (204 KB at 1298.1 KB/sec)
[INFO] Downloaded: https://repo.maven.apache.org/maven2/org/tukaani/xz/1.5/xz-1.5.jar (98 KB at 537.1 KB/sec)
[INFO] Downloaded: https://repo.maven.apache.org/maven2/org/apache/commons/commons-compress/1.11/commons-compress-1.11.jar (416 KB at 2246.8 KB/sec)
[INFO] Downloaded: https://repo.maven.apache.org/maven2/org/codehaus/plexus/plexus-utils/3.0.24/plexus-utils-3.0.24.jar (242 KB at 1291.7 KB/sec)
[INFO] 
[INFO] >>> maven-source-plugin:3.0.1:test-jar (attach-sources) > generate-sources @ logback-parent >>>
[INFO] 
[INFO] <<< maven-source-plugin:3.0.1:test-jar (attach-sources) < generate-sources @ logback-parent <<<
[INFO] 
[INFO] --- maven-source-plugin:3.0.1:test-jar (attach-sources) @ logback-parent ---
[INFO] 
[INFO] --- maven-install-plugin:2.5.2:install (default-install) @ logback-parent ---
[INFO] Downloading: https://repo.maven.apache.org/maven2/commons-codec/commons-codec/1.6/commons-codec-1.6.pom
[INFO] Downloaded: https://repo.maven.apache.org/maven2/commons-codec/commons-codec/1.6/commons-codec-1.6.pom (11 KB at 573.4 KB/sec)
[INFO] Downloading: https://repo.maven.apache.org/maven2/org/apache/commons/commons-parent/22/commons-parent-22.pom
[INFO] Downloaded: https://repo.maven.apache.org/maven2/org/apache/commons/commons-parent/22/commons-parent-22.pom (41 KB at 1204.0 KB/sec)
[INFO] Downloading: https://repo.maven.apache.org/maven2/org/apache/maven/shared/maven-shared-utils/0.4/maven-shared-utils-0.4.pom
[INFO] Downloaded: https://repo.maven.apache.org/maven2/org/apache/maven/shared/maven-shared-utils/0.4/maven-shared-utils-0.4.pom (4 KB at 197.6 KB/sec)
[INFO] Downloading: https://repo.maven.apache.org/maven2/com/google/code/findbugs/jsr305/2.0.1/jsr305-2.0.1.pom
[INFO] Downloaded: https://repo.maven.apache.org/maven2/com/google/code/findbugs/jsr305/2.0.1/jsr305-2.0.1.pom (965 B at 52.4 KB/sec)
[INFO] Downloading: https://repo.maven.apache.org/maven2/org/apache/maven/shared/maven-shared-utils/0.4/maven-shared-utils-0.4.jar
[INFO] Downloading: https://repo.maven.apache.org/maven2/commons-codec/commons-codec/1.6/commons-codec-1.6.jar
[INFO] Downloading: https://repo.maven.apache.org/maven2/com/google/code/findbugs/jsr305/2.0.1/jsr305-2.0.1.jar
[INFO] Downloaded: https://repo.maven.apache.org/maven2/com/google/code/findbugs/jsr305/2.0.1/jsr305-2.0.1.jar (32 KB at 510.1 KB/sec)
[INFO] Downloaded: https://repo.maven.apache.org/maven2/org/apache/maven/shared/maven-shared-utils/0.4/maven-shared-utils-0.4.jar (152 KB at 2265.8 KB/sec)
[INFO] Downloaded: https://repo.maven.apache.org/maven2/commons-codec/commons-codec/1.6/commons-codec-1.6.jar (228 KB at 3157.2 KB/sec)
[INFO] Installing /root/workspace/qos-ch/logback/234892743/pom.xml to /root/./workspace/qos-ch/logback/234892743/.m2/ch/qos/logback/logback-parent/1.3.0-SNAPSHPOT/logback-parent-1.3.0-SNAPSHPOT.pom
[INFO]                                                                         
[INFO] ------------------------------------------------------------------------
[INFO] Building Logback Core Module 1.3.0-SNAPSHPOT
[INFO] ------------------------------------------------------------------------
[INFO] 
[INFO] --- maven-resources-plugin:3.0.1:resources (default-resources) @ logback-core ---
[INFO] Downloading: https://repo.maven.apache.org/maven2/org/apache/maven/shared/maven-filtering/3.1.1/maven-filtering-3.1.1.pom
[INFO] Downloaded: https://repo.maven.apache.org/maven2/org/apache/maven/shared/maven-filtering/3.1.1/maven-filtering-3.1.1.pom (6 KB at 231.2 KB/sec)
[INFO] Downloading: https://repo.maven.apache.org/maven2/org/apache/maven/shared/maven-shared-utils/3.0.0/maven-shared-utils-3.0.0.pom
[INFO] Downloaded: https://repo.maven.apache.org/maven2/org/apache/maven/shared/maven-shared-utils/3.0.0/maven-shared-utils-3.0.0.pom (6 KB at 218.1 KB/sec)
[INFO] Downloading: https://repo.maven.apache.org/maven2/org/apache/maven/shared/maven-filtering/3.1.1/maven-filtering-3.1.1.jar
[INFO] Downloading: https://repo.maven.apache.org/maven2/commons-io/commons-io/2.4/commons-io-2.4.jar
[INFO] Downloading: https://repo.maven.apache.org/maven2/org/apache/maven/shared/maven-shared-utils/3.0.0/maven-shared-utils-3.0.0.jar
[INFO] Downloading: https://repo.maven.apache.org/maven2/org/codehaus/plexus/plexus-interpolation/1.22/plexus-interpolation-1.22.jar
[INFO] Downloaded: https://repo.maven.apache.org/maven2/org/apache/maven/shared/maven-filtering/3.1.1/maven-filtering-3.1.1.jar (50 KB at 1550.8 KB/sec)
[INFO] Downloaded: https://repo.maven.apache.org/maven2/org/codehaus/plexus/plexus-interpolation/1.22/plexus-interpolation-1.22.jar (76 KB at 1103.9 KB/sec)
[INFO] Downloaded: https://repo.maven.apache.org/maven2/org/apache/maven/shared/maven-shared-utils/3.0.0/maven-shared-utils-3.0.0.jar (152 KB at 1987.9 KB/sec)
[INFO] Downloaded: https://repo.maven.apache.org/maven2/commons-io/commons-io/2.4/commons-io-2.4.jar (181 KB at 2379.0 KB/sec)
[INFO] Using 'UTF-8' encoding to copy filtered resources.
[INFO] skip non existing resourceDirectory /root/workspace/qos-ch/logback/234892743/logback-core/src/main/resources
[INFO] 
[INFO] --- maven-compiler-plugin:3.6.0:compile (default-compile) @ logback-core ---
[INFO] Downloading: https://repo.maven.apache.org/maven2/org/apache/maven/shared/maven-shared-utils/3.1.0/maven-shared-utils-3.1.0.pom
[INFO] Downloaded: https://repo.maven.apache.org/maven2/org/apache/maven/shared/maven-shared-utils/3.1.0/maven-shared-utils-3.1.0.pom (5 KB at 270.1 KB/sec)
[INFO] Downloading: https://repo.maven.apache.org/maven2/org/apache/maven/shared/maven-shared-incremental/1.1/maven-shared-incremental-1.1.pom
[INFO] Downloaded: https://repo.maven.apache.org/maven2/org/apache/maven/shared/maven-shared-incremental/1.1/maven-shared-incremental-1.1.pom (5 KB at 257.3 KB/sec)
[INFO] Downloading: https://repo.maven.apache.org/maven2/org/apache/maven/shared/maven-shared-utils/0.1/maven-shared-utils-0.1.pom
[INFO] Downloaded: https://repo.maven.apache.org/maven2/org/apache/maven/shared/maven-shared-utils/0.1/maven-shared-utils-0.1.pom (4 KB at 197.6 KB/sec)
[INFO] Downloading: https://repo.maven.apache.org/maven2/org/ow2/asm/asm/6.0_ALPHA/asm-6.0_ALPHA.pom
[INFO] Downloaded: https://repo.maven.apache.org/maven2/org/ow2/asm/asm/6.0_ALPHA/asm-6.0_ALPHA.pom (2 KB at 111.4 KB/sec)
[INFO] Downloading: https://repo.maven.apache.org/maven2/org/ow2/asm/asm-parent/6.0_ALPHA/asm-parent-6.0_ALPHA.pom
[INFO] Downloaded: https://repo.maven.apache.org/maven2/org/ow2/asm/asm-parent/6.0_ALPHA/asm-parent-6.0_ALPHA.pom (6 KB at 315.9 KB/sec)
[INFO] Downloading: https://repo.maven.apache.org/maven2/org/codehaus/plexus/plexus-compiler-api/2.8.1/plexus-compiler-api-2.8.1.pom
[INFO] Downloaded: https://repo.maven.apache.org/maven2/org/codehaus/plexus/plexus-compiler-api/2.8.1/plexus-compiler-api-2.8.1.pom (893 B at 51.3 KB/sec)
[INFO] Downloading: https://repo.maven.apache.org/maven2/org/codehaus/plexus/plexus-compiler/2.8.1/plexus-compiler-2.8.1.pom
[INFO] Downloaded: https://repo.maven.apache.org/maven2/org/codehaus/plexus/plexus-compiler/2.8.1/plexus-compiler-2.8.1.pom (5 KB at 287.5 KB/sec)
[INFO] Downloading: https://repo.maven.apache.org/maven2/org/codehaus/plexus/plexus-components/4.0/plexus-components-4.0.pom
[INFO] Downloaded: https://repo.maven.apache.org/maven2/org/codehaus/plexus/plexus-components/4.0/plexus-components-4.0.pom (3 KB at 162.2 KB/sec)
[INFO] Downloading: https://repo.maven.apache.org/maven2/org/codehaus/plexus/plexus-compiler-manager/2.8.1/plexus-compiler-manager-2.8.1.pom
[INFO] Downloaded: https://repo.maven.apache.org/maven2/org/codehaus/plexus/plexus-compiler-manager/2.8.1/plexus-compiler-manager-2.8.1.pom (713 B at 41.0 KB/sec)
[INFO] Downloading: https://repo.maven.apache.org/maven2/org/codehaus/plexus/plexus-compiler-javac/2.8.1/plexus-compiler-javac-2.8.1.pom
[INFO] Downloaded: https://repo.maven.apache.org/maven2/org/codehaus/plexus/plexus-compiler-javac/2.8.1/plexus-compiler-javac-2.8.1.pom (794 B at 48.5 KB/sec)
[INFO] Downloading: https://repo.maven.apache.org/maven2/org/codehaus/plexus/plexus-compilers/2.8.1/plexus-compilers-2.8.1.pom
[INFO] Downloaded: https://repo.maven.apache.org/maven2/org/codehaus/plexus/plexus-compilers/2.8.1/plexus-compilers-2.8.1.pom (2 KB at 84.5 KB/sec)
[INFO] Downloading: https://repo.maven.apache.org/maven2/org/codehaus/plexus/plexus-utils/2.0.4/plexus-utils-2.0.4.jar
[INFO] Downloading: https://repo.maven.apache.org/maven2/org/apache/maven/shared/maven-shared-incremental/1.1/maven-shared-incremental-1.1.jar
[INFO] Downloading: https://repo.maven.apache.org/maven2/org/ow2/asm/asm/6.0_ALPHA/asm-6.0_ALPHA.jar
[INFO] Downloading: https://repo.maven.apache.org/maven2/org/apache/maven/shared/maven-shared-utils/3.1.0/maven-shared-utils-3.1.0.jar
[INFO] Downloading: https://repo.maven.apache.org/maven2/org/codehaus/plexus/plexus-compiler-api/2.8.1/plexus-compiler-api-2.8.1.jar
[INFO] Downloaded: https://repo.maven.apache.org/maven2/org/apache/maven/shared/maven-shared-incremental/1.1/maven-shared-incremental-1.1.jar (14 KB at 388.8 KB/sec)
[INFO] Downloading: https://repo.maven.apache.org/maven2/org/codehaus/plexus/plexus-compiler-manager/2.8.1/plexus-compiler-manager-2.8.1.jar
[INFO] Downloaded: https://repo.maven.apache.org/maven2/org/ow2/asm/asm/6.0_ALPHA/asm-6.0_ALPHA.jar (55 KB at 1473.3 KB/sec)
[INFO] Downloading: https://repo.maven.apache.org/maven2/org/codehaus/plexus/plexus-compiler-javac/2.8.1/plexus-compiler-javac-2.8.1.jar
[INFO] Downloaded: https://repo.maven.apache.org/maven2/org/codehaus/plexus/plexus-compiler-api/2.8.1/plexus-compiler-api-2.8.1.jar (26 KB at 643.0 KB/sec)
[INFO] Downloaded: https://repo.maven.apache.org/maven2/org/apache/maven/shared/maven-shared-utils/3.1.0/maven-shared-utils-3.1.0.jar (160 KB at 3401.2 KB/sec)
[INFO] Downloaded: https://repo.maven.apache.org/maven2/org/codehaus/plexus/plexus-utils/2.0.4/plexus-utils-2.0.4.jar (217 KB at 4093.0 KB/sec)
[INFO] Downloaded: https://repo.maven.apache.org/maven2/org/codehaus/plexus/plexus-compiler-manager/2.8.1/plexus-compiler-manager-2.8.1.jar (5 KB at 84.9 KB/sec)
[INFO] Downloaded: https://repo.maven.apache.org/maven2/org/codehaus/plexus/plexus-compiler-javac/2.8.1/plexus-compiler-javac-2.8.1.jar (20 KB at 324.6 KB/sec)
[INFO] Changes detected - recompiling the module!
[INFO] Compiling 326 source files to /root/workspace/qos-ch/logback/234892743/logback-core/target/classes
[INFO] /root/workspace/qos-ch/logback/234892743/logback-core/src/main/java/ch/qos/logback/core/net/AbstractSocketAppender.java: Some input files use or override a deprecated API.
[INFO] /root/workspace/qos-ch/logback/234892743/logback-core/src/main/java/ch/qos/logback/core/net/AbstractSocketAppender.java: Recompile with -Xlint:deprecation for details.
[INFO] /root/workspace/qos-ch/logback/234892743/logback-core/src/main/java/ch/qos/logback/core/helpers/CyclicBuffer.java: Some input files use unchecked or unsafe operations.
[INFO] /root/workspace/qos-ch/logback/234892743/logback-core/src/main/java/ch/qos/logback/core/helpers/CyclicBuffer.java: Recompile with -Xlint:unchecked for details.
[INFO] 
[INFO] >>> maven-bundle-plugin:2.5.4:manifest (bundle-manifest) > process-classes @ logback-core >>>
[INFO] 
[INFO] --- maven-resources-plugin:3.0.1:resources (default-resources) @ logback-core ---
[INFO] Using 'UTF-8' encoding to copy filtered resources.
[INFO] skip non existing resourceDirectory /root/workspace/qos-ch/logback/234892743/logback-core/src/main/resources
[INFO] 
[INFO] --- maven-compiler-plugin:3.6.0:compile (default-compile) @ logback-core ---
[INFO] Nothing to compile - all classes are up to date
[INFO] 
[INFO] <<< maven-bundle-plugin:2.5.4:manifest (bundle-manifest) < process-classes @ logback-core <<<
[INFO] 
[INFO] --- maven-bundle-plugin:2.5.4:manifest (bundle-manifest) @ logback-core ---
[INFO] 
[INFO] --- maven-resources-plugin:3.0.1:testResources (default-testResources) @ logback-core ---
[INFO] Using 'UTF-8' encoding to copy filtered resources.
[INFO] Copying 9 resources
[INFO] 
[INFO] --- maven-compiler-plugin:3.6.0:testCompile (default-testCompile) @ logback-core ---
[INFO] Changes detected - recompiling the module!
[INFO] Compiling 224 source files to /root/workspace/qos-ch/logback/234892743/logback-core/target/test-classes
[INFO] /root/workspace/qos-ch/logback/234892743/logback-core/src/test/java/ch/qos/logback/core/net/AbstractSocketAppenderIntegrationTest.java: /root/workspace/qos-ch/logback/234892743/logback-core/src/test/java/ch/qos/logback/core/net/AbstractSocketAppenderIntegrationTest.java uses or overrides a deprecated API.
[INFO] /root/workspace/qos-ch/logback/234892743/logback-core/src/test/java/ch/qos/logback/core/net/AbstractSocketAppenderIntegrationTest.java: Recompile with -Xlint:deprecation for details.
[INFO] /root/workspace/qos-ch/logback/234892743/logback-core/src/test/java/ch/qos/logback/core/spi/CyclicBufferTrackerT.java: Some input files use unchecked or unsafe operations.
[INFO] /root/workspace/qos-ch/logback/234892743/logback-core/src/test/java/ch/qos/logback/core/spi/CyclicBufferTrackerT.java: Recompile with -Xlint:unchecked for details.
[INFO] 
[INFO] --- maven-surefire-plugin:2.19.1:test (default-test) @ logback-core ---
[INFO] Downloading: https://repo.maven.apache.org/maven2/org/apache/maven/surefire/maven-surefire-common/2.19.1/maven-surefire-common-2.19.1.pom
[INFO] Downloaded: https://repo.maven.apache.org/maven2/org/apache/maven/surefire/maven-surefire-common/2.19.1/maven-surefire-common-2.19.1.pom (8 KB at 210.6 KB/sec)
[INFO] Downloading: https://repo.maven.apache.org/maven2/org/apache/maven/plugin-tools/maven-plugin-annotations/3.3/maven-plugin-annotations-3.3.pom
[INFO] Downloaded: https://repo.maven.apache.org/maven2/org/apache/maven/plugin-tools/maven-plugin-annotations/3.3/maven-plugin-annotations-3.3.pom (2 KB at 99.4 KB/sec)
[INFO] Downloading: https://repo.maven.apache.org/maven2/org/apache/maven/plugin-tools/maven-plugin-tools/3.3/maven-plugin-tools-3.3.pom
[INFO] Downloaded: https://repo.maven.apache.org/maven2/org/apache/maven/plugin-tools/maven-plugin-tools/3.3/maven-plugin-tools-3.3.pom (13 KB at 650.1 KB/sec)
[INFO] Downloading: https://repo.maven.apache.org/maven2/org/apache/maven/surefire/surefire-api/2.19.1/surefire-api-2.19.1.pom
[INFO] Downloaded: https://repo.maven.apache.org/maven2/org/apache/maven/surefire/surefire-api/2.19.1/surefire-api-2.19.1.pom (4 KB at 190.4 KB/sec)
[INFO] Downloading: https://repo.maven.apache.org/maven2/org/apache/maven/surefire/surefire-booter/2.19.1/surefire-booter-2.19.1.pom
[INFO] Downloaded: https://repo.maven.apache.org/maven2/org/apache/maven/surefire/surefire-booter/2.19.1/surefire-booter-2.19.1.pom (4 KB at 182.8 KB/sec)
[INFO] Downloading: https://repo.maven.apache.org/maven2/junit/junit/4.12/junit-4.12.pom
[INFO] Downloaded: https://repo.maven.apache.org/maven2/junit/junit/4.12/junit-4.12.pom (24 KB at 1051.0 KB/sec)
[INFO] Downloading: https://repo.maven.apache.org/maven2/org/hamcrest/hamcrest-core/1.3/hamcrest-core-1.3.pom
[INFO] Downloaded: https://repo.maven.apache.org/maven2/org/hamcrest/hamcrest-core/1.3/hamcrest-core-1.3.pom (766 B at 44.0 KB/sec)
[INFO] Downloading: https://repo.maven.apache.org/maven2/org/hamcrest/hamcrest-parent/1.3/hamcrest-parent-1.3.pom
[INFO] Downloaded: https://repo.maven.apache.org/maven2/org/hamcrest/hamcrest-parent/1.3/hamcrest-parent-1.3.pom (2 KB at 107.0 KB/sec)
[INFO] Downloading: https://repo.maven.apache.org/maven2/org/apache/maven/maven-toolchain/2.2.1/maven-toolchain-2.2.1.pom
[INFO] Downloaded: https://repo.maven.apache.org/maven2/org/apache/maven/maven-toolchain/2.2.1/maven-toolchain-2.2.1.pom (4 KB at 192.1 KB/sec)
[INFO] Downloading: https://repo.maven.apache.org/maven2/org/apache/commons/commons-lang3/3.1/commons-lang3-3.1.pom
[INFO] Downloaded: https://repo.maven.apache.org/maven2/org/apache/commons/commons-lang3/3.1/commons-lang3-3.1.pom (17 KB at 680.0 KB/sec)
[INFO] Downloading: https://repo.maven.apache.org/maven2/org/apache/maven/surefire/maven-surefire-common/2.19.1/maven-surefire-common-2.19.1.jar
[INFO] Downloading: https://repo.maven.apache.org/maven2/org/apache/maven/surefire/surefire-booter/2.19.1/surefire-booter-2.19.1.jar
[INFO] Downloading: https://repo.maven.apache.org/maven2/org/codehaus/plexus/plexus-utils/1.5.15/plexus-utils-1.5.15.jar
[INFO] Downloading: https://repo.maven.apache.org/maven2/junit/junit/4.12/junit-4.12.jar
[INFO] Downloading: https://repo.maven.apache.org/maven2/org/hamcrest/hamcrest-core/1.3/hamcrest-core-1.3.jar
[INFO] Downloaded: https://repo.maven.apache.org/maven2/org/apache/maven/surefire/surefire-booter/2.19.1/surefire-booter-2.19.1.jar (45 KB at 925.7 KB/sec)
[INFO] Downloading: https://repo.maven.apache.org/maven2/org/apache/commons/commons-lang3/3.1/commons-lang3-3.1.jar
[INFO] Downloaded: https://repo.maven.apache.org/maven2/org/hamcrest/hamcrest-core/1.3/hamcrest-core-1.3.jar (44 KB at 549.6 KB/sec)
[INFO] Downloading: https://repo.maven.apache.org/maven2/org/apache/maven/surefire/surefire-api/2.19.1/surefire-api-2.19.1.jar
[INFO] Downloaded: https://repo.maven.apache.org/maven2/org/codehaus/plexus/plexus-utils/1.5.15/plexus-utils-1.5.15.jar (223 KB at 2503.0 KB/sec)
[INFO] Downloading: https://repo.maven.apache.org/maven2/org/apache/maven/maven-toolchain/2.2.1/maven-toolchain-2.2.1.jar
[INFO] Downloaded: https://repo.maven.apache.org/maven2/org/apache/maven/surefire/maven-surefire-common/2.19.1/maven-surefire-common-2.19.1.jar (286 KB at 2550.4 KB/sec)
[INFO] Downloading: https://repo.maven.apache.org/maven2/org/apache/maven/plugin-tools/maven-plugin-annotations/3.3/maven-plugin-annotations-3.3.jar
[INFO] Downloaded: https://repo.maven.apache.org/maven2/junit/junit/4.12/junit-4.12.jar (308 KB at 2584.5 KB/sec)
[INFO] Downloaded: https://repo.maven.apache.org/maven2/org/apache/maven/maven-toolchain/2.2.1/maven-toolchain-2.2.1.jar (37 KB at 303.6 KB/sec)
[INFO] Downloaded: https://repo.maven.apache.org/maven2/org/apache/maven/plugin-tools/maven-plugin-annotations/3.3/maven-plugin-annotations-3.3.jar (14 KB at 97.2 KB/sec)
[INFO] Downloaded: https://repo.maven.apache.org/maven2/org/apache/maven/surefire/surefire-api/2.19.1/surefire-api-2.19.1.jar (192 KB at 1348.4 KB/sec)
[INFO] Downloaded: https://repo.maven.apache.org/maven2/org/apache/commons/commons-lang3/3.1/commons-lang3-3.1.jar (309 KB at 2156.7 KB/sec)
[INFO] Tests are skipped.
[INFO] 
[INFO] --- maven-jar-plugin:2.6:jar (default-jar) @ logback-core ---
[INFO] Downloading: https://repo.maven.apache.org/maven2/org/apache/maven/maven-archiver/2.6/maven-archiver-2.6.pom
[INFO] Downloaded: https://repo.maven.apache.org/maven2/org/apache/maven/maven-archiver/2.6/maven-archiver-2.6.pom (5 KB at 175.9 KB/sec)
[INFO] Downloading: https://repo.maven.apache.org/maven2/org/apache/maven/shared/maven-shared-utils/0.7/maven-shared-utils-0.7.pom
[INFO] Downloaded: https://repo.maven.apache.org/maven2/org/apache/maven/shared/maven-shared-utils/0.7/maven-shared-utils-0.7.pom (5 KB at 272.0 KB/sec)
[INFO] Downloading: https://repo.maven.apache.org/maven2/org/codehaus/plexus/plexus-archiver/2.8.1/plexus-archiver-2.8.1.pom
[INFO] Downloaded: https://repo.maven.apache.org/maven2/org/codehaus/plexus/plexus-archiver/2.8.1/plexus-archiver-2.8.1.pom (5 KB at 201.1 KB/sec)
[INFO] Downloading: https://repo.maven.apache.org/maven2/org/codehaus/plexus/plexus-io/2.3.2/plexus-io-2.3.2.pom
[INFO] Downloaded: https://repo.maven.apache.org/maven2/org/codehaus/plexus/plexus-io/2.3.2/plexus-io-2.3.2.pom (3 KB at 152.3 KB/sec)
[INFO] Downloading: https://repo.maven.apache.org/maven2/org/codehaus/plexus/plexus-interpolation/1.21/plexus-interpolation-1.21.pom
[INFO] Downloaded: https://repo.maven.apache.org/maven2/org/codehaus/plexus/plexus-interpolation/1.21/plexus-interpolation-1.21.pom (2 KB at 94.0 KB/sec)
[INFO] Downloading: https://repo.maven.apache.org/maven2/org/apache/maven/reporting/maven-reporting-api/2.2.1/maven-reporting-api-2.2.1.jar
[INFO] Downloading: https://repo.maven.apache.org/maven2/org/apache/maven/doxia/doxia-sink-api/1.1/doxia-sink-api-1.1.jar
[INFO] Downloading: https://repo.maven.apache.org/maven2/org/apache/maven/doxia/doxia-logging-api/1.1/doxia-logging-api-1.1.jar
[INFO] Downloading: https://repo.maven.apache.org/maven2/org/apache/maven/maven-archiver/2.6/maven-archiver-2.6.jar
[INFO] Downloading: https://repo.maven.apache.org/maven2/org/apache/maven/shared/maven-shared-utils/0.7/maven-shared-utils-0.7.jar
[INFO] Downloaded: https://repo.maven.apache.org/maven2/org/apache/maven/reporting/maven-reporting-api/2.2.1/maven-reporting-api-2.2.1.jar (10 KB at 434.4 KB/sec)
[INFO] Downloading: https://repo.maven.apache.org/maven2/commons-io/commons-io/2.2/commons-io-2.2.jar
[INFO] Downloaded: https://repo.maven.apache.org/maven2/org/apache/maven/maven-archiver/2.6/maven-archiver-2.6.jar (23 KB at 918.2 KB/sec)
[INFO] Downloaded: https://repo.maven.apache.org/maven2/org/apache/maven/doxia/doxia-logging-api/1.1/doxia-logging-api-1.1.jar (12 KB at 369.0 KB/sec)
[INFO] Downloaded: https://repo.maven.apache.org/maven2/org/apache/maven/doxia/doxia-sink-api/1.1/doxia-sink-api-1.1.jar (13 KB at 403.7 KB/sec)
[INFO] Downloaded: https://repo.maven.apache.org/maven2/org/apache/maven/shared/maven-shared-utils/0.7/maven-shared-utils-0.7.jar (167 KB at 4489.3 KB/sec)
[INFO] Downloaded: https://repo.maven.apache.org/maven2/commons-io/commons-io/2.2/commons-io-2.2.jar (170 KB at 3459.6 KB/sec)
[INFO] Building jar: /root/workspace/qos-ch/logback/234892743/logback-core/target/logback-core-1.3.0-SNAPSHPOT.jar
[INFO] 
[INFO] >>> maven-source-plugin:3.0.1:jar (attach-sources) > generate-sources @ logback-core >>>
[INFO] 
[INFO] <<< maven-source-plugin:3.0.1:jar (attach-sources) < generate-sources @ logback-core <<<
[INFO] 
[INFO] --- maven-source-plugin:3.0.1:jar (attach-sources) @ logback-core ---
[INFO] Building jar: /root/workspace/qos-ch/logback/234892743/logback-core/target/logback-core-1.3.0-SNAPSHPOT-sources.jar
[INFO] 
[INFO] >>> maven-source-plugin:3.0.1:test-jar (attach-sources) > generate-sources @ logback-core >>>
[INFO] 
[INFO] <<< maven-source-plugin:3.0.1:test-jar (attach-sources) < generate-sources @ logback-core <<<
[INFO] 
[INFO] --- maven-source-plugin:3.0.1:test-jar (attach-sources) @ logback-core ---
[INFO] Building jar: /root/workspace/qos-ch/logback/234892743/logback-core/target/logback-core-1.3.0-SNAPSHPOT-test-sources.jar
[INFO] 
[INFO] --- maven-jar-plugin:2.6:jar (bundle-test-jar) @ logback-core ---
[INFO] 
[INFO] --- maven-jar-plugin:2.6:test-jar (bundle-test-jar) @ logback-core ---
[INFO] Building jar: /root/workspace/qos-ch/logback/234892743/logback-core/target/logback-core-1.3.0-SNAPSHPOT-tests.jar
[INFO] 
[INFO] --- maven-install-plugin:2.5.2:install (default-install) @ logback-core ---
[INFO] Installing /root/workspace/qos-ch/logback/234892743/logback-core/target/logback-core-1.3.0-SNAPSHPOT.jar to /root/./workspace/qos-ch/logback/234892743/.m2/ch/qos/logback/logback-core/1.3.0-SNAPSHPOT/logback-core-1.3.0-SNAPSHPOT.jar
[INFO] Installing /root/workspace/qos-ch/logback/234892743/logback-core/pom.xml to /root/./workspace/qos-ch/logback/234892743/.m2/ch/qos/logback/logback-core/1.3.0-SNAPSHPOT/logback-core-1.3.0-SNAPSHPOT.pom
[INFO] Installing /root/workspace/qos-ch/logback/234892743/logback-core/target/logback-core-1.3.0-SNAPSHPOT-sources.jar to /root/./workspace/qos-ch/logback/234892743/.m2/ch/qos/logback/logback-core/1.3.0-SNAPSHPOT/logback-core-1.3.0-SNAPSHPOT-sources.jar
[INFO] Installing /root/workspace/qos-ch/logback/234892743/logback-core/target/logback-core-1.3.0-SNAPSHPOT-test-sources.jar to /root/./workspace/qos-ch/logback/234892743/.m2/ch/qos/logback/logback-core/1.3.0-SNAPSHPOT/logback-core-1.3.0-SNAPSHPOT-test-sources.jar
[INFO] Installing /root/workspace/qos-ch/logback/234892743/logback-core/target/logback-core-1.3.0-SNAPSHPOT-tests.jar to /root/./workspace/qos-ch/logback/234892743/.m2/ch/qos/logback/logback-core/1.3.0-SNAPSHPOT/logback-core-1.3.0-SNAPSHPOT-tests.jar
[INFO]                                                                         
[INFO] ------------------------------------------------------------------------
[INFO] Building Logback Classic Module 1.3.0-SNAPSHPOT
[INFO] ------------------------------------------------------------------------
[INFO] 
[INFO] --- gmavenplus-plugin:1.5:generateStubs (default) @ logback-classic ---
[INFO] Downloading: https://repo.maven.apache.org/maven2/org/codehaus/plexus/plexus-container-default/1.6/plexus-container-default-1.6.pom
[INFO] Downloaded: https://repo.maven.apache.org/maven2/org/codehaus/plexus/plexus-container-default/1.6/plexus-container-default-1.6.pom (3 KB at 137.0 KB/sec)
[INFO] Downloading: https://repo.maven.apache.org/maven2/org/codehaus/plexus/plexus-classworlds/2.5.1/plexus-classworlds-2.5.1.pom
[INFO] Downloaded: https://repo.maven.apache.org/maven2/org/codehaus/plexus/plexus-classworlds/2.5.1/plexus-classworlds-2.5.1.pom (5 KB at 287.7 KB/sec)
[INFO] Downloading: https://repo.maven.apache.org/maven2/org/apache/xbean/xbean-reflect/3.7/xbean-reflect-3.7.pom
[INFO] Downloaded: https://repo.maven.apache.org/maven2/org/apache/xbean/xbean-reflect/3.7/xbean-reflect-3.7.pom (5 KB at 261.7 KB/sec)
[INFO] Downloading: https://repo.maven.apache.org/maven2/org/apache/xbean/xbean/3.7/xbean-3.7.pom
[INFO] Downloaded: https://repo.maven.apache.org/maven2/org/apache/xbean/xbean/3.7/xbean-3.7.pom (16 KB at 793.5 KB/sec)
[INFO] Downloading: https://repo.maven.apache.org/maven2/org/apache/geronimo/genesis/genesis-java5-flava/2.0/genesis-java5-flava-2.0.pom
[INFO] Downloaded: https://repo.maven.apache.org/maven2/org/apache/geronimo/genesis/genesis-java5-flava/2.0/genesis-java5-flava-2.0.pom (6 KB at 281.8 KB/sec)
[INFO] Downloading: https://repo.maven.apache.org/maven2/org/apache/geronimo/genesis/genesis-default-flava/2.0/genesis-default-flava-2.0.pom
[INFO] Downloaded: https://repo.maven.apache.org/maven2/org/apache/geronimo/genesis/genesis-default-flava/2.0/genesis-default-flava-2.0.pom (18 KB at 915.4 KB/sec)
[INFO] Downloading: https://repo.maven.apache.org/maven2/org/apache/geronimo/genesis/genesis/2.0/genesis-2.0.pom
[INFO] Downloaded: https://repo.maven.apache.org/maven2/org/apache/geronimo/genesis/genesis/2.0/genesis-2.0.pom (18 KB at 999.2 KB/sec)
[INFO] Downloading: https://repo.maven.apache.org/maven2/org/codehaus/plexus/plexus-classworlds/2.5.2/plexus-classworlds-2.5.2.pom
[INFO] Downloaded: https://repo.maven.apache.org/maven2/org/codehaus/plexus/plexus-classworlds/2.5.2/plexus-classworlds-2.5.2.pom (8 KB at 396.3 KB/sec)
[INFO] Downloading: https://repo.maven.apache.org/maven2/org/fusesource/jansi/jansi/1.11/jansi-1.11.pom
[INFO] Downloaded: https://repo.maven.apache.org/maven2/org/fusesource/jansi/jansi/1.11/jansi-1.11.pom (4 KB at 159.8 KB/sec)
[INFO] Downloading: https://repo.maven.apache.org/maven2/org/fusesource/jansi/jansi-project/1.11/jansi-project-1.11.pom
[INFO] Downloaded: https://repo.maven.apache.org/maven2/org/fusesource/jansi/jansi-project/1.11/jansi-project-1.11.pom (12 KB at 621.0 KB/sec)
[INFO] Downloading: https://repo.maven.apache.org/maven2/jline/jline/2.12.1/jline-2.12.1.pom
[INFO] Downloaded: https://repo.maven.apache.org/maven2/jline/jline/2.12.1/jline-2.12.1.pom (17 KB at 973.3 KB/sec)
[INFO] Downloading: https://repo.maven.apache.org/maven2/org/apache/ant/ant/1.9.4/ant-1.9.4.pom
[INFO] Downloaded: https://repo.maven.apache.org/maven2/org/apache/ant/ant/1.9.4/ant-1.9.4.pom (10 KB at 335.7 KB/sec)
[INFO] Downloading: https://repo.maven.apache.org/maven2/org/apache/ant/ant-parent/1.9.4/ant-parent-1.9.4.pom
[INFO] Downloaded: https://repo.maven.apache.org/maven2/org/apache/ant/ant-parent/1.9.4/ant-parent-1.9.4.pom (6 KB at 321.9 KB/sec)
[INFO] Downloading: https://repo.maven.apache.org/maven2/org/apache/ant/ant-launcher/1.9.4/ant-launcher-1.9.4.pom
[INFO] Downloaded: https://repo.maven.apache.org/maven2/org/apache/ant/ant-launcher/1.9.4/ant-launcher-1.9.4.pom (3 KB at 134.1 KB/sec)
[INFO] Downloading: https://repo.maven.apache.org/maven2/org/apache/ivy/ivy/2.4.0/ivy-2.4.0.pom
[INFO] Downloaded: https://repo.maven.apache.org/maven2/org/apache/ivy/ivy/2.4.0/ivy-2.4.0.pom (7 KB at 322.8 KB/sec)
[INFO] Downloading: https://repo.maven.apache.org/maven2/org/codehaus/plexus/plexus-container-default/1.6/plexus-container-default-1.6.jar
[INFO] Downloading: https://repo.maven.apache.org/maven2/org/apache/xbean/xbean-reflect/3.7/xbean-reflect-3.7.jar
[INFO] Downloading: https://repo.maven.apache.org/maven2/com/google/collections/google-collections/1.0/google-collections-1.0.jar
[INFO] Downloading: https://repo.maven.apache.org/maven2/org/codehaus/plexus/plexus-classworlds/2.5.2/plexus-classworlds-2.5.2.jar
[INFO] Downloading: https://repo.maven.apache.org/maven2/org/fusesource/jansi/jansi/1.11/jansi-1.11.jar
[INFO] Downloaded: https://repo.maven.apache.org/maven2/org/fusesource/jansi/jansi/1.11/jansi-1.11.jar (112 KB at 2377.3 KB/sec)
[INFO] Downloading: https://repo.maven.apache.org/maven2/jline/jline/2.12.1/jline-2.12.1.jar
[INFO] Downloaded: https://repo.maven.apache.org/maven2/org/codehaus/plexus/plexus-classworlds/2.5.2/plexus-classworlds-2.5.2.jar (52 KB at 989.4 KB/sec)
[INFO] Downloading: https://repo.maven.apache.org/maven2/org/apache/ant/ant/1.9.4/ant-1.9.4.jar
[INFO] Downloaded: https://repo.maven.apache.org/maven2/org/apache/xbean/xbean-reflect/3.7/xbean-reflect-3.7.jar (145 KB at 2678.3 KB/sec)
[INFO] Downloading: https://repo.maven.apache.org/maven2/org/apache/ant/ant-launcher/1.9.4/ant-launcher-1.9.4.jar
[INFO] Downloaded: https://repo.maven.apache.org/maven2/org/codehaus/plexus/plexus-container-default/1.6/plexus-container-default-1.6.jar (219 KB at 3076.9 KB/sec)
[INFO] Downloading: https://repo.maven.apache.org/maven2/org/apache/ivy/ivy/2.4.0/ivy-2.4.0.jar
[INFO] Downloaded: https://repo.maven.apache.org/maven2/org/apache/ant/ant-launcher/1.9.4/ant-launcher-1.9.4.jar (18 KB at 256.4 KB/sec)
[INFO] Downloaded: https://repo.maven.apache.org/maven2/jline/jline/2.12.1/jline-2.12.1.jar (209 KB at 1832.4 KB/sec)
[INFO] Downloaded: https://repo.maven.apache.org/maven2/com/google/collections/google-collections/1.0/google-collections-1.0.jar (625 KB at 4136.4 KB/sec)
[INFO] Downloaded: https://repo.maven.apache.org/maven2/org/apache/ivy/ivy/2.4.0/ivy-2.4.0.jar (1253 KB at 5590.9 KB/sec)
[INFO] Downloaded: https://repo.maven.apache.org/maven2/org/apache/ant/ant/1.9.4/ant-1.9.4.jar (1972 KB at 8648.9 KB/sec)
[INFO] Using Groovy 2.4.0 to perform generateStubs.
[INFO] Generated 8 stubs.
[INFO] 
[INFO] --- maven-resources-plugin:3.0.1:resources (default-resources) @ logback-classic ---
[INFO] Using 'UTF-8' encoding to copy filtered resources.
[INFO] Copying 8 resources
[INFO] Copying 10 resources
[INFO] 
[INFO] --- maven-compiler-plugin:3.6.0:compile (default-compile) @ logback-classic ---
[INFO] Changes detected - recompiling the module!
[INFO] Compiling 169 source files to /root/workspace/qos-ch/logback/234892743/logback-classic/target/classes
[WARNING] /root/workspace/qos-ch/logback/234892743/logback-classic/src/main/java/ch/qos/logback/classic/spi/PackagingDataCalculator.java:[20,19] sun.reflect.Reflection is internal proprietary API and may be removed in a future release
[WARNING] /root/workspace/qos-ch/logback/234892743/logback-classic/src/main/java/ch/qos/logback/classic/spi/PackagingDataCalculator.java:[45,13] sun.reflect.Reflection is internal proprietary API and may be removed in a future release
[WARNING] /root/workspace/qos-ch/logback/234892743/logback-classic/src/main/java/ch/qos/logback/classic/spi/PackagingDataCalculator.java:[85,31] sun.reflect.Reflection is internal proprietary API and may be removed in a future release
[INFO] /root/workspace/qos-ch/logback/234892743/logback-classic/src/main/java/ch/qos/logback/classic/spi/LoggingEventVO.java: Some input files use or override a deprecated API.
[INFO] /root/workspace/qos-ch/logback/234892743/logback-classic/src/main/java/ch/qos/logback/classic/spi/LoggingEventVO.java: Recompile with -Xlint:deprecation for details.
[INFO] /root/workspace/qos-ch/logback/234892743/logback-classic/src/main/java/ch/qos/logback/classic/gaffer/GafferUtil.java: /root/workspace/qos-ch/logback/234892743/logback-classic/src/main/java/ch/qos/logback/classic/gaffer/GafferUtil.java uses unchecked or unsafe operations.
[INFO] /root/workspace/qos-ch/logback/234892743/logback-classic/src/main/java/ch/qos/logback/classic/gaffer/GafferUtil.java: Recompile with -Xlint:unchecked for details.
[INFO] 
[INFO] --- gmavenplus-plugin:1.5:compile (default) @ logback-classic ---
[INFO] Using Groovy 2.4.0 to perform compile.
[INFO] Compiled 13 files.
[INFO] 
[INFO] >>> maven-bundle-plugin:2.5.4:manifest (bundle-manifest) > process-classes @ logback-classic >>>
[INFO] 
[INFO] --- gmavenplus-plugin:1.5:generateStubs (default) @ logback-classic ---
[INFO] Using Groovy 2.4.0 to perform generateStubs.
[INFO] Generated 8 stubs.
[INFO] 
[INFO] --- maven-resources-plugin:3.0.1:resources (default-resources) @ logback-classic ---
[INFO] Using 'UTF-8' encoding to copy filtered resources.
[INFO] Copying 8 resources
[INFO] Copying 10 resources
[INFO] 
[INFO] --- maven-compiler-plugin:3.6.0:compile (default-compile) @ logback-classic ---
[INFO] Nothing to compile - all classes are up to date
[INFO] 
[INFO] --- gmavenplus-plugin:1.5:compile (default) @ logback-classic ---
[INFO] Using Groovy 2.4.0 to perform compile.
[INFO] Compiled 13 files.
[INFO] 
[INFO] <<< maven-bundle-plugin:2.5.4:manifest (bundle-manifest) < process-classes @ logback-classic <<<
[INFO] 
[INFO] --- maven-bundle-plugin:2.5.4:manifest (bundle-manifest) @ logback-classic ---
[INFO] 
[INFO] --- gmavenplus-plugin:1.5:testGenerateStubs (default) @ logback-classic ---
[INFO] Using Groovy 2.4.0 to perform testGenerateStubs.
[INFO] Generated 8 stubs.
[INFO] 
[INFO] --- maven-resources-plugin:3.0.1:testResources (default-testResources) @ logback-classic ---
[INFO] Using 'UTF-8' encoding to copy filtered resources.
[INFO] Copying 14 resources
[INFO] 
[INFO] --- maven-compiler-plugin:3.6.0:testCompile (default-testCompile) @ logback-classic ---
[INFO] Changes detected - recompiling the module!
[INFO] Compiling 220 source files to /root/workspace/qos-ch/logback/234892743/logback-classic/target/test-classes
[INFO] /root/workspace/qos-ch/logback/234892743/logback-classic/src/test/java/ch/qos/logback/classic/issue/lbclassic323/Barebones.java: Some input files use or override a deprecated API.
[INFO] /root/workspace/qos-ch/logback/234892743/logback-classic/src/test/java/ch/qos/logback/classic/issue/lbclassic323/Barebones.java: Recompile with -Xlint:deprecation for details.
[INFO] /root/workspace/qos-ch/logback/234892743/logback-classic/src/test/java/ch/qos/logback/classic/issue/lbcore224/Reduce.java: Some input files use unchecked or unsafe operations.
[INFO] /root/workspace/qos-ch/logback/234892743/logback-classic/src/test/java/ch/qos/logback/classic/issue/lbcore224/Reduce.java: Recompile with -Xlint:unchecked for details.
[INFO] 
[INFO] --- gmavenplus-plugin:1.5:testCompile (default) @ logback-classic ---
[INFO] Using Groovy 2.4.0 to perform testCompile.
[INFO] Compiled 24 files.
[INFO] 
[INFO] --- maven-surefire-plugin:2.19.1:test (default-test) @ logback-classic ---
[INFO] Tests are skipped.
[INFO] 
[INFO] --- maven-jar-plugin:2.6:jar (default-jar) @ logback-classic ---
[INFO] Building jar: /root/workspace/qos-ch/logback/234892743/logback-classic/target/logback-classic-1.3.0-SNAPSHPOT.jar
[INFO] 
[INFO] >>> maven-source-plugin:3.0.1:jar (attach-sources) > generate-sources @ logback-classic >>>
[INFO] 
[INFO] --- gmavenplus-plugin:1.5:generateStubs (default) @ logback-classic ---
[INFO] Using Groovy 2.4.0 to perform generateStubs.
[INFO] Generated 8 stubs.
[INFO] 
[INFO] <<< maven-source-plugin:3.0.1:jar (attach-sources) < generate-sources @ logback-classic <<<
[INFO] 
[INFO] --- maven-source-plugin:3.0.1:jar (attach-sources) @ logback-classic ---
[INFO] Building jar: /root/workspace/qos-ch/logback/234892743/logback-classic/target/logback-classic-1.3.0-SNAPSHPOT-sources.jar
[INFO] 
[INFO] >>> maven-source-plugin:3.0.1:test-jar (attach-sources) > generate-sources @ logback-classic >>>
[INFO] 
[INFO] --- gmavenplus-plugin:1.5:generateStubs (default) @ logback-classic ---
[INFO] Using Groovy 2.4.0 to perform generateStubs.
[INFO] Generated 8 stubs.
[INFO] 
[INFO] <<< maven-source-plugin:3.0.1:test-jar (attach-sources) < generate-sources @ logback-classic <<<
[INFO] 
[INFO] --- maven-source-plugin:3.0.1:test-jar (attach-sources) @ logback-classic ---
[INFO] Building jar: /root/workspace/qos-ch/logback/234892743/logback-classic/target/logback-classic-1.3.0-SNAPSHPOT-test-sources.jar
[INFO] 
[INFO] --- maven-jar-plugin:2.6:jar (bundle-test-jar) @ logback-classic ---
[INFO] Building jar: /root/workspace/qos-ch/logback/234892743/logback-classic/target/logback-classic-1.3.0-SNAPSHPOT.jar
[INFO] 
[INFO] --- maven-jar-plugin:2.6:test-jar (bundle-test-jar) @ logback-classic ---
[INFO] Building jar: /root/workspace/qos-ch/logback/234892743/logback-classic/target/logback-classic-1.3.0-SNAPSHPOT-tests.jar
[INFO] 
[INFO] --- maven-antrun-plugin:1.8:run (ant-osgi-test) @ logback-classic ---
[INFO] Downloading: https://repo.maven.apache.org/maven2/org/apache/ant/ant-junit/1.8.1/ant-junit-1.8.1.pom
[INFO] Downloaded: https://repo.maven.apache.org/maven2/org/apache/ant/ant-junit/1.8.1/ant-junit-1.8.1.pom (4 KB at 122.3 KB/sec)
[INFO] Downloading: https://repo.maven.apache.org/maven2/org/apache/ant/ant-parent/1.8.1/ant-parent-1.8.1.pom
[INFO] Downloaded: https://repo.maven.apache.org/maven2/org/apache/ant/ant-parent/1.8.1/ant-parent-1.8.1.pom (5 KB at 144.2 KB/sec)
[INFO] Downloading: https://repo.maven.apache.org/maven2/org/apache/ant/ant/1.8.1/ant-1.8.1.pom
[INFO] Downloaded: https://repo.maven.apache.org/maven2/org/apache/ant/ant/1.8.1/ant-1.8.1.pom (9 KB at 505.5 KB/sec)
[INFO] Downloading: https://repo.maven.apache.org/maven2/org/apache/ant/ant-launcher/1.8.1/ant-launcher-1.8.1.pom
[INFO] Downloaded: https://repo.maven.apache.org/maven2/org/apache/ant/ant-launcher/1.8.1/ant-launcher-1.8.1.pom (3 KB at 129.3 KB/sec)
[INFO] Downloading: https://repo.maven.apache.org/maven2/org/apache/ant/ant-junit/1.8.1/ant-junit-1.8.1.jar
[INFO] Downloaded: https://repo.maven.apache.org/maven2/org/apache/ant/ant-junit/1.8.1/ant-junit-1.8.1.jar (96 KB at 469.2 KB/sec)
[INFO] Executing tasks

main:
     [echo] compile classpath: 1.3.0-SNAPSHPOT
     [echo] slfj4:  /root/./workspace/qos-ch/logback/234892743/.m2/org/slf4j/slf4j-api/1.7.25/slf4j-api-1.7.25.jar
     [echo] felix:  /root/./workspace/qos-ch/logback/234892743/.m2/org/apache/felix/org.apache.felix.main/2.0.2/org.apache.felix.main-2.0.2.jar
     [echo] ===============================
     [echo] basedir:/root/workspace/qos-ch/logback/234892743/logback-classic
     [echo] ===============================

copySLF4J_JAR:
     [echo] Making lib/ folder in case it does not already exist.
    [mkdir] Created dir: /root/workspace/qos-ch/logback/234892743/logback-classic/lib
     [echo] Copying /root/./workspace/qos-ch/logback/234892743/.m2/org/slf4j/slf4j-api/1.7.25/slf4j-api-1.7.25.jar to lib/
     [copy] Copying 1 file to /root/workspace/qos-ch/logback/234892743/logback-classic/lib

init:
     [echo] in init
    [mkdir] Created dir: /root/workspace/qos-ch/logback/234892743/logback-classic/target/unit-reports

createIBundle:
     [echo] Making folder bundle
    [mkdir] Created dir: /root/workspace/qos-ch/logback/234892743/logback-classic/bundle
      [jar] Building jar: /root/workspace/qos-ch/logback/234892743/logback-classic/target/iBundle.jar

logback:
     [copy] Copying 1 file to /root/workspace/qos-ch/logback/234892743/logback-classic/bundle
     [copy] Copying 1 file to /root/workspace/qos-ch/logback/234892743/logback-classic/bundle
     [copy] Copying 1 file to /root/workspace/qos-ch/logback/234892743/logback-classic/bundle
     [copy] Copying 1 file to /root/workspace/qos-ch/logback/234892743/logback-classic/bundle
     [echo] value of binding = logback
    [junit] WARNING: multiple versions of ant detected in path for junit 
    [junit]          jar:file:/root/./workspace/qos-ch/logback/234892743/.m2/org/apache/ant/ant/1.9.4/ant-1.9.4.jar!/org/apache/tools/ant/Project.class
    [junit]      and jar:file:/root/workspace/qos-ch/logback/234892743/.m2/org/apache/ant/ant/1.9.4/ant-1.9.4.jar!/org/apache/tools/ant/Project.class
    [junit] Running org.slf4j.test_osgi.BundleTest
    [junit] Tests run: 1, Failures: 0, Errors: 0, Time elapsed: 0.537 sec

testAll:
[INFO] Executed tasks
[INFO] 
[INFO] --- maven-antrun-plugin:1.8:run (ant-integration-test) @ logback-classic ---
[INFO] Executing tasks

main:
     [echo] slf4j.version:  1.7.25

testWithoutGroovy:
    [junit] WARNING: multiple versions of ant detected in path for junit 
    [junit]          jar:file:/root/./workspace/qos-ch/logback/234892743/.m2/org/apache/ant/ant/1.9.4/ant-1.9.4.jar!/org/apache/tools/ant/Project.class
    [junit]      and jar:file:/root/workspace/qos-ch/logback/234892743/.m2/org/apache/ant/ant/1.9.4/ant-1.9.4.jar!/org/apache/tools/ant/Project.class
    [junit] Running ch.qos.logback.classic.util.InitializationIntegrationTest
    [junit] Tests run: 1, Failures: 0, Errors: 0, Time elapsed: 0.133 sec

testConditionalsWithoutJanino:
    [junit] WARNING: multiple versions of ant detected in path for junit 
    [junit]          jar:file:/root/./workspace/qos-ch/logback/234892743/.m2/org/apache/ant/ant/1.9.4/ant-1.9.4.jar!/org/apache/tools/ant/Project.class
    [junit]      and jar:file:/root/workspace/qos-ch/logback/234892743/.m2/org/apache/ant/ant/1.9.4/ant-1.9.4.jar!/org/apache/tools/ant/Project.class
    [junit] Running ch.qos.logback.classic.boolex.ConditionalWithoutJanino
    [junit] Tests run: 1, Failures: 0, Errors: 0, Time elapsed: 0.161 sec

testAll:
[INFO] Executed tasks
[INFO] 
[INFO] --- maven-install-plugin:2.5.2:install (default-install) @ logback-classic ---
[INFO] Installing /root/workspace/qos-ch/logback/234892743/logback-classic/target/logback-classic-1.3.0-SNAPSHPOT.jar to /root/./workspace/qos-ch/logback/234892743/.m2/ch/qos/logback/logback-classic/1.3.0-SNAPSHPOT/logback-classic-1.3.0-SNAPSHPOT.jar
[INFO] Installing /root/workspace/qos-ch/logback/234892743/logback-classic/pom.xml to /root/./workspace/qos-ch/logback/234892743/.m2/ch/qos/logback/logback-classic/1.3.0-SNAPSHPOT/logback-classic-1.3.0-SNAPSHPOT.pom
[INFO] Installing /root/workspace/qos-ch/logback/234892743/logback-classic/target/logback-classic-1.3.0-SNAPSHPOT-sources.jar to /root/./workspace/qos-ch/logback/234892743/.m2/ch/qos/logback/logback-classic/1.3.0-SNAPSHPOT/logback-classic-1.3.0-SNAPSHPOT-sources.jar
[INFO] Installing /root/workspace/qos-ch/logback/234892743/logback-classic/target/logback-classic-1.3.0-SNAPSHPOT-test-sources.jar to /root/./workspace/qos-ch/logback/234892743/.m2/ch/qos/logback/logback-classic/1.3.0-SNAPSHPOT/logback-classic-1.3.0-SNAPSHPOT-test-sources.jar
[INFO] Installing /root/workspace/qos-ch/logback/234892743/logback-classic/target/logback-classic-1.3.0-SNAPSHPOT-tests.jar to /root/./workspace/qos-ch/logback/234892743/.m2/ch/qos/logback/logback-classic/1.3.0-SNAPSHPOT/logback-classic-1.3.0-SNAPSHPOT-tests.jar
[INFO]                                                                         
[INFO] ------------------------------------------------------------------------
[INFO] Building Logback Access Module 1.3.0-SNAPSHPOT
[INFO] ------------------------------------------------------------------------
[INFO] Downloading: https://repo.maven.apache.org/maven2/org/apache/tomcat/tomcat-catalina/8.5.9/tomcat-catalina-8.5.9.pom
[INFO] Downloaded: https://repo.maven.apache.org/maven2/org/apache/tomcat/tomcat-catalina/8.5.9/tomcat-catalina-8.5.9.pom (4 KB at 189.8 KB/sec)
[INFO] Downloading: https://repo.maven.apache.org/maven2/org/apache/tomcat/tomcat-servlet-api/8.5.9/tomcat-servlet-api-8.5.9.pom
[INFO] Downloaded: https://repo.maven.apache.org/maven2/org/apache/tomcat/tomcat-servlet-api/8.5.9/tomcat-servlet-api-8.5.9.pom (3 KB at 118.2 KB/sec)
[INFO] Downloading: https://repo.maven.apache.org/maven2/org/apache/tomcat/tomcat-jsp-api/8.5.9/tomcat-jsp-api-8.5.9.pom
[INFO] Downloaded: https://repo.maven.apache.org/maven2/org/apache/tomcat/tomcat-jsp-api/8.5.9/tomcat-jsp-api-8.5.9.pom (2 KB at 89.0 KB/sec)
[INFO] Downloading: https://repo.maven.apache.org/maven2/org/apache/tomcat/tomcat-el-api/8.5.9/tomcat-el-api-8.5.9.pom
[INFO] Downloaded: https://repo.maven.apache.org/maven2/org/apache/tomcat/tomcat-el-api/8.5.9/tomcat-el-api-8.5.9.pom (2 KB at 64.8 KB/sec)
[INFO] Downloading: https://repo.maven.apache.org/maven2/org/apache/tomcat/tomcat-juli/8.5.9/tomcat-juli-8.5.9.pom
[INFO] Downloaded: https://repo.maven.apache.org/maven2/org/apache/tomcat/tomcat-juli/8.5.9/tomcat-juli-8.5.9.pom (2 KB at 9.2 KB/sec)
[INFO] Downloading: https://repo.maven.apache.org/maven2/org/apache/tomcat/tomcat-annotations-api/8.5.9/tomcat-annotations-api-8.5.9.pom
[INFO] Downloaded: https://repo.maven.apache.org/maven2/org/apache/tomcat/tomcat-annotations-api/8.5.9/tomcat-annotations-api-8.5.9.pom (2 KB at 28.8 KB/sec)
[INFO] Downloading: https://repo.maven.apache.org/maven2/org/apache/tomcat/tomcat-api/8.5.9/tomcat-api-8.5.9.pom
[INFO] Downloaded: https://repo.maven.apache.org/maven2/org/apache/tomcat/tomcat-api/8.5.9/tomcat-api-8.5.9.pom (2 KB at 57.2 KB/sec)
[INFO] Downloading: https://repo.maven.apache.org/maven2/org/apache/tomcat/tomcat-jni/8.5.9/tomcat-jni-8.5.9.pom
[INFO] Downloaded: https://repo.maven.apache.org/maven2/org/apache/tomcat/tomcat-jni/8.5.9/tomcat-jni-8.5.9.pom (2 KB at 65.2 KB/sec)
[INFO] Downloading: https://repo.maven.apache.org/maven2/org/apache/tomcat/tomcat-coyote/8.5.9/tomcat-coyote-8.5.9.pom
[INFO] Downloaded: https://repo.maven.apache.org/maven2/org/apache/tomcat/tomcat-coyote/8.5.9/tomcat-coyote-8.5.9.pom (3 KB at 64.8 KB/sec)
[INFO] Downloading: https://repo.maven.apache.org/maven2/org/apache/tomcat/tomcat-util/8.5.9/tomcat-util-8.5.9.pom
[INFO] Downloaded: https://repo.maven.apache.org/maven2/org/apache/tomcat/tomcat-util/8.5.9/tomcat-util-8.5.9.pom (2 KB at 14.6 KB/sec)
[INFO] Downloading: https://repo.maven.apache.org/maven2/org/apache/tomcat/tomcat-util-scan/8.5.9/tomcat-util-scan-8.5.9.pom
[INFO] Downloaded: https://repo.maven.apache.org/maven2/org/apache/tomcat/tomcat-util-scan/8.5.9/tomcat-util-scan-8.5.9.pom (2 KB at 17.5 KB/sec)
[INFO] Downloading: https://repo.maven.apache.org/maven2/org/apache/tomcat/tomcat-jaspic-api/8.5.9/tomcat-jaspic-api-8.5.9.pom
[INFO] Downloaded: https://repo.maven.apache.org/maven2/org/apache/tomcat/tomcat-jaspic-api/8.5.9/tomcat-jaspic-api-8.5.9.pom (2 KB at 12.6 KB/sec)
[INFO] Downloading: https://repo.maven.apache.org/maven2/org/eclipse/jetty/jetty-server/8.2.0.v20160908/jetty-server-8.2.0.v20160908.pom
[INFO] Downloaded: https://repo.maven.apache.org/maven2/org/eclipse/jetty/jetty-server/8.2.0.v20160908/jetty-server-8.2.0.v20160908.pom (4 KB at 194.4 KB/sec)
[INFO] Downloading: https://repo.maven.apache.org/maven2/org/eclipse/jetty/jetty-project/8.2.0.v20160908/jetty-project-8.2.0.v20160908.pom
[INFO] Downloaded: https://repo.maven.apache.org/maven2/org/eclipse/jetty/jetty-project/8.2.0.v20160908/jetty-project-8.2.0.v20160908.pom (28 KB at 1465.9 KB/sec)
[INFO] Downloading: https://repo.maven.apache.org/maven2/org/eclipse/jetty/jetty-parent/20/jetty-parent-20.pom
[INFO] Downloaded: https://repo.maven.apache.org/maven2/org/eclipse/jetty/jetty-parent/20/jetty-parent-20.pom (21 KB at 1150.0 KB/sec)
[INFO] Downloading: https://repo.maven.apache.org/maven2/org/eclipse/jetty/orbit/javax.servlet/3.0.0.v201112011016/javax.servlet-3.0.0.v201112011016.pom
[INFO] Downloaded: https://repo.maven.apache.org/maven2/org/eclipse/jetty/orbit/javax.servlet/3.0.0.v201112011016/javax.servlet-3.0.0.v201112011016.pom (732 B at 42.0 KB/sec)
[INFO] Downloading: https://repo.maven.apache.org/maven2/org/eclipse/jetty/orbit/jetty-orbit/1/jetty-orbit-1.pom
[INFO] Downloaded: https://repo.maven.apache.org/maven2/org/eclipse/jetty/orbit/jetty-orbit/1/jetty-orbit-1.pom (3 KB at 91.0 KB/sec)
[INFO] Downloading: https://repo.maven.apache.org/maven2/org/eclipse/jetty/jetty-parent/18/jetty-parent-18.pom
[INFO] Downloaded: https://repo.maven.apache.org/maven2/org/eclipse/jetty/jetty-parent/18/jetty-parent-18.pom (17 KB at 767.1 KB/sec)
[INFO] Downloading: https://repo.maven.apache.org/maven2/org/eclipse/jetty/jetty-continuation/8.2.0.v20160908/jetty-continuation-8.2.0.v20160908.pom
[INFO] Downloaded: https://repo.maven.apache.org/maven2/org/eclipse/jetty/jetty-continuation/8.2.0.v20160908/jetty-continuation-8.2.0.v20160908.pom (3 KB at 14.4 KB/sec)
[INFO] Downloading: https://repo.maven.apache.org/maven2/org/eclipse/jetty/jetty-http/8.2.0.v20160908/jetty-http-8.2.0.v20160908.pom
[INFO] Downloaded: https://repo.maven.apache.org/maven2/org/eclipse/jetty/jetty-http/8.2.0.v20160908/jetty-http-8.2.0.v20160908.pom (3 KB at 24.8 KB/sec)
[INFO] Downloading: https://repo.maven.apache.org/maven2/org/eclipse/jetty/jetty-io/8.2.0.v20160908/jetty-io-8.2.0.v20160908.pom
[INFO] Downloaded: https://repo.maven.apache.org/maven2/org/eclipse/jetty/jetty-io/8.2.0.v20160908/jetty-io-8.2.0.v20160908.pom (3 KB at 74.8 KB/sec)
[INFO] Downloading: https://repo.maven.apache.org/maven2/org/eclipse/jetty/jetty-util/8.2.0.v20160908/jetty-util-8.2.0.v20160908.pom
[INFO] Downloaded: https://repo.maven.apache.org/maven2/org/eclipse/jetty/jetty-util/8.2.0.v20160908/jetty-util-8.2.0.v20160908.pom (4 KB at 30.2 KB/sec)
[INFO] Downloading: https://repo.maven.apache.org/maven2/org/apache/tomcat/tomcat-catalina/8.5.9/tomcat-catalina-8.5.9.jar
[INFO] Downloading: https://repo.maven.apache.org/maven2/org/apache/tomcat/tomcat-jsp-api/8.5.9/tomcat-jsp-api-8.5.9.jar
[INFO] Downloading: https://repo.maven.apache.org/maven2/org/apache/tomcat/tomcat-el-api/8.5.9/tomcat-el-api-8.5.9.jar
[INFO] Downloading: https://repo.maven.apache.org/maven2/org/apache/tomcat/tomcat-servlet-api/8.5.9/tomcat-servlet-api-8.5.9.jar
[INFO] Downloading: https://repo.maven.apache.org/maven2/org/apache/tomcat/tomcat-juli/8.5.9/tomcat-juli-8.5.9.jar
[INFO] Downloaded: https://repo.maven.apache.org/maven2/org/apache/tomcat/tomcat-juli/8.5.9/tomcat-juli-8.5.9.jar (41 KB at 670.0 KB/sec)
[INFO] Downloading: https://repo.maven.apache.org/maven2/org/apache/tomcat/tomcat-annotations-api/8.5.9/tomcat-annotations-api-8.5.9.jar
[INFO] Downloaded: https://repo.maven.apache.org/maven2/org/apache/tomcat/tomcat-el-api/8.5.9/tomcat-el-api-8.5.9.jar (80 KB at 1006.7 KB/sec)
[INFO] Downloading: https://repo.maven.apache.org/maven2/org/apache/tomcat/tomcat-api/8.5.9/tomcat-api-8.5.9.jar
[INFO] Downloaded: https://repo.maven.apache.org/maven2/org/apache/tomcat/tomcat-api/8.5.9/tomcat-api-8.5.9.jar (11 KB at 97.7 KB/sec)
[INFO] Downloading: https://repo.maven.apache.org/maven2/org/apache/tomcat/tomcat-jni/8.5.9/tomcat-jni-8.5.9.jar
[INFO] Downloaded: https://repo.maven.apache.org/maven2/org/apache/tomcat/tomcat-catalina/8.5.9/tomcat-catalina-8.5.9.jar (1553 KB at 12936.5 KB/sec)
[INFO] Downloading: https://repo.maven.apache.org/maven2/org/apache/tomcat/tomcat-util/8.5.9/tomcat-util-8.5.9.jar
[INFO] Downloaded: https://repo.maven.apache.org/maven2/org/apache/tomcat/tomcat-annotations-api/8.5.9/tomcat-annotations-api-8.5.9.jar (18 KB at 103.4 KB/sec)
[INFO] Downloading: https://repo.maven.apache.org/maven2/org/apache/tomcat/tomcat-util-scan/8.5.9/tomcat-util-scan-8.5.9.jar
[INFO] Downloaded: https://repo.maven.apache.org/maven2/org/apache/tomcat/tomcat-servlet-api/8.5.9/tomcat-servlet-api-8.5.9.jar (239 KB at 1117.7 KB/sec)
[INFO] Downloading: https://repo.maven.apache.org/maven2/org/apache/tomcat/tomcat-jaspic-api/8.5.9/tomcat-jaspic-api-8.5.9.jar
[INFO] Downloaded: https://repo.maven.apache.org/maven2/org/apache/tomcat/tomcat-jni/8.5.9/tomcat-jni-8.5.9.jar (34 KB at 162.1 KB/sec)
[INFO] Downloading: https://repo.maven.apache.org/maven2/org/apache/tomcat/tomcat-coyote/8.5.9/tomcat-coyote-8.5.9.jar
[INFO] Downloaded: https://repo.maven.apache.org/maven2/org/apache/tomcat/tomcat-util/8.5.9/tomcat-util-8.5.9.jar (128 KB at 575.7 KB/sec)
[INFO] Downloading: https://repo.maven.apache.org/maven2/org/eclipse/jetty/jetty-server/8.2.0.v20160908/jetty-server-8.2.0.v20160908.jar
[INFO] Downloaded: https://repo.maven.apache.org/maven2/org/apache/tomcat/tomcat-jsp-api/8.5.9/tomcat-jsp-api-8.5.9.jar (61 KB at 241.8 KB/sec)
[INFO] Downloading: https://repo.maven.apache.org/maven2/org/eclipse/jetty/orbit/javax.servlet/3.0.0.v201112011016/javax.servlet-3.0.0.v201112011016.jar
[INFO] Downloaded: https://repo.maven.apache.org/maven2/org/eclipse/jetty/orbit/javax.servlet/3.0.0.v201112011016/javax.servlet-3.0.0.v201112011016.jar (196 KB at 727.5 KB/sec)
[INFO] Downloading: https://repo.maven.apache.org/maven2/org/eclipse/jetty/jetty-continuation/8.2.0.v20160908/jetty-continuation-8.2.0.v20160908.jar
[INFO] Downloaded: https://repo.maven.apache.org/maven2/org/apache/tomcat/tomcat-coyote/8.5.9/tomcat-coyote-8.5.9.jar (744 KB at 2599.7 KB/sec)
[INFO] Downloading: https://repo.maven.apache.org/maven2/org/eclipse/jetty/jetty-http/8.2.0.v20160908/jetty-http-8.2.0.v20160908.jar
[INFO] Downloaded: https://repo.maven.apache.org/maven2/org/eclipse/jetty/jetty-http/8.2.0.v20160908/jetty-http-8.2.0.v20160908.jar (95 KB at 301.7 KB/sec)
[INFO] Downloaded: https://repo.maven.apache.org/maven2/org/apache/tomcat/tomcat-jaspic-api/8.5.9/tomcat-jaspic-api-8.5.9.jar (27 KB at 83.7 KB/sec)
[INFO] Downloading: https://repo.maven.apache.org/maven2/org/eclipse/jetty/jetty-io/8.2.0.v20160908/jetty-io-8.2.0.v20160908.jar
[INFO] Downloading: https://repo.maven.apache.org/maven2/org/eclipse/jetty/jetty-util/8.2.0.v20160908/jetty-util-8.2.0.v20160908.jar
[INFO] Downloaded: https://repo.maven.apache.org/maven2/org/eclipse/jetty/jetty-io/8.2.0.v20160908/jetty-io-8.2.0.v20160908.jar (104 KB at 299.3 KB/sec)
[INFO] Downloaded: https://repo.maven.apache.org/maven2/org/apache/tomcat/tomcat-util-scan/8.5.9/tomcat-util-scan-8.5.9.jar (197 KB at 565.6 KB/sec)
[INFO] Downloaded: https://repo.maven.apache.org/maven2/org/eclipse/jetty/jetty-continuation/8.2.0.v20160908/jetty-continuation-8.2.0.v20160908.jar (21 KB at 55.3 KB/sec)
[INFO] Downloaded: https://repo.maven.apache.org/maven2/org/eclipse/jetty/jetty-server/8.2.0.v20160908/jetty-server-8.2.0.v20160908.jar (352 KB at 911.6 KB/sec)
[INFO] Downloaded: https://repo.maven.apache.org/maven2/org/eclipse/jetty/jetty-util/8.2.0.v20160908/jetty-util-8.2.0.v20160908.jar (282 KB at 651.5 KB/sec)
[INFO] 
[INFO] --- maven-resources-plugin:3.0.1:resources (default-resources) @ logback-access ---
[INFO] Using 'UTF-8' encoding to copy filtered resources.
[INFO] Copying 7 resources
[INFO] 
[INFO] --- maven-compiler-plugin:3.6.0:compile (default-compile) @ logback-access ---
[INFO] Changes detected - recompiling the module!
[INFO] Compiling 83 source files to /root/workspace/qos-ch/logback/234892743/logback-access/target/classes
[INFO] /root/workspace/qos-ch/logback/234892743/logback-access/src/main/java/ch/qos/logback/access/tomcat/LogbackValve.java: /root/workspace/qos-ch/logback/234892743/logback-access/src/main/java/ch/qos/logback/access/tomcat/LogbackValve.java uses or overrides a deprecated API.
[INFO] /root/workspace/qos-ch/logback/234892743/logback-access/src/main/java/ch/qos/logback/access/tomcat/LogbackValve.java: Recompile with -Xlint:deprecation for details.
[INFO] 
[INFO] >>> maven-bundle-plugin:2.5.4:manifest (bundle-manifest) > process-classes @ logback-access >>>
[INFO] 
[INFO] --- maven-resources-plugin:3.0.1:resources (default-resources) @ logback-access ---
[INFO] Using 'UTF-8' encoding to copy filtered resources.
[INFO] Copying 7 resources
[INFO] 
[INFO] --- maven-compiler-plugin:3.6.0:compile (default-compile) @ logback-access ---
[INFO] Nothing to compile - all classes are up to date
[INFO] 
[INFO] <<< maven-bundle-plugin:2.5.4:manifest (bundle-manifest) < process-classes @ logback-access <<<
[INFO] 
[INFO] --- maven-bundle-plugin:2.5.4:manifest (bundle-manifest) @ logback-access ---
[INFO] 
[INFO] --- maven-resources-plugin:3.0.1:testResources (default-testResources) @ logback-access ---
[INFO] Using 'UTF-8' encoding to copy filtered resources.
[INFO] Copying 1 resource
[INFO] 
[INFO] --- maven-compiler-plugin:3.6.0:testCompile (default-testCompile) @ logback-access ---
[INFO] Changes detected - recompiling the module!
[INFO] Compiling 38 source files to /root/workspace/qos-ch/logback/234892743/logback-access/target/test-classes
[INFO] /root/workspace/qos-ch/logback/234892743/logback-access/src/test/java/ch/qos/logback/access/dummy/DummyRequest.java: Some input files use or override a deprecated API.
[INFO] /root/workspace/qos-ch/logback/234892743/logback-access/src/test/java/ch/qos/logback/access/dummy/DummyRequest.java: Recompile with -Xlint:deprecation for details.
[INFO] 
[INFO] --- maven-surefire-plugin:2.19.1:test (default-test) @ logback-access ---
[INFO] Tests are skipped.
[INFO] 
[INFO] --- maven-jar-plugin:2.6:jar (default-jar) @ logback-access ---
[INFO] Building jar: /root/workspace/qos-ch/logback/234892743/logback-access/target/logback-access-1.3.0-SNAPSHPOT.jar
[INFO] 
[INFO] >>> maven-source-plugin:3.0.1:jar (attach-sources) > generate-sources @ logback-access >>>
[INFO] 
[INFO] <<< maven-source-plugin:3.0.1:jar (attach-sources) < generate-sources @ logback-access <<<
[INFO] 
[INFO] --- maven-source-plugin:3.0.1:jar (attach-sources) @ logback-access ---
[INFO] Building jar: /root/workspace/qos-ch/logback/234892743/logback-access/target/logback-access-1.3.0-SNAPSHPOT-sources.jar
[INFO] 
[INFO] >>> maven-source-plugin:3.0.1:test-jar (attach-sources) > generate-sources @ logback-access >>>
[INFO] 
[INFO] <<< maven-source-plugin:3.0.1:test-jar (attach-sources) < generate-sources @ logback-access <<<
[INFO] 
[INFO] --- maven-source-plugin:3.0.1:test-jar (attach-sources) @ logback-access ---
[INFO] Building jar: /root/workspace/qos-ch/logback/234892743/logback-access/target/logback-access-1.3.0-SNAPSHPOT-test-sources.jar
[INFO] 
[INFO] --- maven-jar-plugin:2.6:jar (bundle-test-jar) @ logback-access ---
[INFO] Building jar: /root/workspace/qos-ch/logback/234892743/logback-access/target/logback-access-1.3.0-SNAPSHPOT.jar
[INFO] 
[INFO] --- maven-jar-plugin:2.6:test-jar (bundle-test-jar) @ logback-access ---
[INFO] Building jar: /root/workspace/qos-ch/logback/234892743/logback-access/target/logback-access-1.3.0-SNAPSHPOT-tests.jar
[INFO] 
[INFO] --- maven-install-plugin:2.5.2:install (default-install) @ logback-access ---
[INFO] Installing /root/workspace/qos-ch/logback/234892743/logback-access/target/logback-access-1.3.0-SNAPSHPOT.jar to /root/./workspace/qos-ch/logback/234892743/.m2/ch/qos/logback/logback-access/1.3.0-SNAPSHPOT/logback-access-1.3.0-SNAPSHPOT.jar
[INFO] Installing /root/workspace/qos-ch/logback/234892743/logback-access/pom.xml to /root/./workspace/qos-ch/logback/234892743/.m2/ch/qos/logback/logback-access/1.3.0-SNAPSHPOT/logback-access-1.3.0-SNAPSHPOT.pom
[INFO] Installing /root/workspace/qos-ch/logback/234892743/logback-access/target/logback-access-1.3.0-SNAPSHPOT-sources.jar to /root/./workspace/qos-ch/logback/234892743/.m2/ch/qos/logback/logback-access/1.3.0-SNAPSHPOT/logback-access-1.3.0-SNAPSHPOT-sources.jar
[INFO] Installing /root/workspace/qos-ch/logback/234892743/logback-access/target/logback-access-1.3.0-SNAPSHPOT-test-sources.jar to /root/./workspace/qos-ch/logback/234892743/.m2/ch/qos/logback/logback-access/1.3.0-SNAPSHPOT/logback-access-1.3.0-SNAPSHPOT-test-sources.jar
[INFO] Installing /root/workspace/qos-ch/logback/234892743/logback-access/target/logback-access-1.3.0-SNAPSHPOT-tests.jar to /root/./workspace/qos-ch/logback/234892743/.m2/ch/qos/logback/logback-access/1.3.0-SNAPSHPOT/logback-access-1.3.0-SNAPSHPOT-tests.jar
[INFO]                                                                         
[INFO] ------------------------------------------------------------------------
[INFO] Building Logback Site 1.3.0-SNAPSHPOT
[INFO] ------------------------------------------------------------------------
[INFO] 
[INFO] --- maven-resources-plugin:3.0.1:resources (default-resources) @ logback-site ---
[INFO] Using 'UTF-8' encoding to copy filtered resources.
[INFO] Copying 78 resources to ../../../target/site
[INFO] 
[INFO] --- maven-compiler-plugin:3.6.0:compile (default-compile) @ logback-site ---
[INFO] No sources to compile
[INFO] 
[INFO] --- maven-resources-plugin:3.0.1:testResources (default-testResources) @ logback-site ---
[INFO] Using 'UTF-8' encoding to copy filtered resources.
[INFO] skip non existing resourceDirectory /root/workspace/qos-ch/logback/234892743/logback-site/src/test/resources
[INFO] 
[INFO] --- maven-compiler-plugin:3.6.0:testCompile (default-testCompile) @ logback-site ---
[INFO] No sources to compile
[INFO] 
[INFO] --- maven-surefire-plugin:2.19.1:test (default-test) @ logback-site ---
[INFO] Tests are skipped.
[INFO] 
[INFO] --- maven-jar-plugin:2.6:jar (default-jar) @ logback-site ---
[INFO] Building jar: /root/workspace/qos-ch/logback/234892743/logback-site/target/logback-site-1.3.0-SNAPSHPOT.jar
[INFO] 
[INFO] >>> maven-source-plugin:3.0.1:jar (attach-sources) > generate-sources @ logback-site >>>
[INFO] 
[INFO] <<< maven-source-plugin:3.0.1:jar (attach-sources) < generate-sources @ logback-site <<<
[INFO] 
[INFO] --- maven-source-plugin:3.0.1:jar (attach-sources) @ logback-site ---
[INFO] Building jar: /root/workspace/qos-ch/logback/234892743/logback-site/target/logback-site-1.3.0-SNAPSHPOT-sources.jar
[INFO] 
[INFO] >>> maven-source-plugin:3.0.1:test-jar (attach-sources) > generate-sources @ logback-site >>>
[INFO] 
[INFO] <<< maven-source-plugin:3.0.1:test-jar (attach-sources) < generate-sources @ logback-site <<<
[INFO] 
[INFO] --- maven-source-plugin:3.0.1:test-jar (attach-sources) @ logback-site ---
[INFO] No sources in project. Archive not created.
[INFO] 
[INFO] --- maven-install-plugin:2.5.2:install (default-install) @ logback-site ---
[INFO] Installing /root/workspace/qos-ch/logback/234892743/logback-site/target/logback-site-1.3.0-SNAPSHPOT.jar to /root/./workspace/qos-ch/logback/234892743/.m2/ch/qos/logback/logback-site/1.3.0-SNAPSHPOT/logback-site-1.3.0-SNAPSHPOT.jar
[INFO] Installing /root/workspace/qos-ch/logback/234892743/logback-site/pom.xml to /root/./workspace/qos-ch/logback/234892743/.m2/ch/qos/logback/logback-site/1.3.0-SNAPSHPOT/logback-site-1.3.0-SNAPSHPOT.pom
[INFO] Installing /root/workspace/qos-ch/logback/234892743/logback-site/target/logback-site-1.3.0-SNAPSHPOT-sources.jar to /root/./workspace/qos-ch/logback/234892743/.m2/ch/qos/logback/logback-site/1.3.0-SNAPSHPOT/logback-site-1.3.0-SNAPSHPOT-sources.jar
[INFO]                                                                         
[INFO] ------------------------------------------------------------------------
[INFO] Building Logback Examples Module 1.3.0-SNAPSHPOT
[INFO] ------------------------------------------------------------------------
[INFO] 
[INFO] --- maven-resources-plugin:3.0.1:resources (default-resources) @ logback-examples ---
[INFO] Using 'UTF-8' encoding to copy filtered resources.
[INFO] Copying 120 resources
[INFO] 
[INFO] --- maven-compiler-plugin:3.6.0:compile (default-compile) @ logback-examples ---
[INFO] Changes detected - recompiling the module!
[INFO] Compiling 62 source files to /root/workspace/qos-ch/logback/234892743/logback-examples/target/classes
[INFO] 
[INFO] --- maven-resources-plugin:3.0.1:testResources (default-testResources) @ logback-examples ---
[INFO] Using 'UTF-8' encoding to copy filtered resources.
[INFO] skip non existing resourceDirectory /root/workspace/qos-ch/logback/234892743/logback-examples/src/test/resources
[INFO] 
[INFO] --- maven-compiler-plugin:3.6.0:testCompile (default-testCompile) @ logback-examples ---
[INFO] No sources to compile
[INFO] 
[INFO] --- maven-surefire-plugin:2.19.1:test (default-test) @ logback-examples ---
[INFO] Tests are skipped.
[INFO] 
[INFO] --- maven-jar-plugin:2.6:jar (default-jar) @ logback-examples ---
[INFO] Building jar: /root/workspace/qos-ch/logback/234892743/logback-examples/target/logback-examples-1.3.0-SNAPSHPOT.jar
[INFO] 
[INFO] >>> maven-source-plugin:3.0.1:jar (attach-sources) > generate-sources @ logback-examples >>>
[INFO] 
[INFO] <<< maven-source-plugin:3.0.1:jar (attach-sources) < generate-sources @ logback-examples <<<
[INFO] 
[INFO] --- maven-source-plugin:3.0.1:jar (attach-sources) @ logback-examples ---
[INFO] Building jar: /root/workspace/qos-ch/logback/234892743/logback-examples/target/logback-examples-1.3.0-SNAPSHPOT-sources.jar
[INFO] 
[INFO] >>> maven-source-plugin:3.0.1:test-jar (attach-sources) > generate-sources @ logback-examples >>>
[INFO] 
[INFO] <<< maven-source-plugin:3.0.1:test-jar (attach-sources) < generate-sources @ logback-examples <<<
[INFO] 
[INFO] --- maven-source-plugin:3.0.1:test-jar (attach-sources) @ logback-examples ---
[INFO] No sources in project. Archive not created.
[INFO] 
[INFO] --- maven-dependency-plugin:2.10:copy (copy) @ logback-examples ---
[INFO] Configured Artifact: org.slf4j:slf4j-api:1.7.25:jar
[INFO] Copying slf4j-api-1.7.25.jar to /root/workspace/qos-ch/logback/234892743/logback-examples/lib/slf4j-api-1.7.25.jar
[INFO] 
[INFO] --- maven-install-plugin:2.5.2:install (default-install) @ logback-examples ---
[INFO] Installing /root/workspace/qos-ch/logback/234892743/logback-examples/target/logback-examples-1.3.0-SNAPSHPOT.jar to /root/./workspace/qos-ch/logback/234892743/.m2/ch/qos/logback/logback-examples/1.3.0-SNAPSHPOT/logback-examples-1.3.0-SNAPSHPOT.jar
[INFO] Installing /root/workspace/qos-ch/logback/234892743/logback-examples/pom.xml to /root/./workspace/qos-ch/logback/234892743/.m2/ch/qos/logback/logback-examples/1.3.0-SNAPSHPOT/logback-examples-1.3.0-SNAPSHPOT.pom
[INFO] Installing /root/workspace/qos-ch/logback/234892743/logback-examples/target/logback-examples-1.3.0-SNAPSHPOT-sources.jar to /root/./workspace/qos-ch/logback/234892743/.m2/ch/qos/logback/logback-examples/1.3.0-SNAPSHPOT/logback-examples-1.3.0-SNAPSHPOT-sources.jar
[INFO] ------------------------------------------------------------------------
[INFO] Reactor Summary:
[INFO] 
[INFO] Logback-Parent ..................................... SUCCESS [  2.312 s]
[INFO] Logback Core Module ................................ SUCCESS [  8.077 s]
[INFO] Logback Classic Module ............................. SUCCESS [ 17.252 s]
[INFO] Logback Access Module .............................. SUCCESS [  3.691 s]
[INFO] Logback Site ....................................... SUCCESS [  1.057 s]
[INFO] Logback Examples Module ............................ SUCCESS [  1.468 s]
[INFO] ------------------------------------------------------------------------
[INFO] BUILD SUCCESS
[INFO] ------------------------------------------------------------------------
[INFO] Total time: 34.948 s
[INFO] Finished at: 2017-05-23T03:46:11+02:00
[INFO] Final Memory: 73M/725M
[INFO] ------------------------------------------------------------------------
